Determining if the include file strings.h exists failed with the following output:
Change Dir: C:/Users/runneradmin/AppData/Local/Temp/pip-req-build-br6x6pui/openjpeg/src/openjpeg/build/CMakeFiles/CMakeTmp

Run Build Command(s):C:/Program Files (x86)/Microsoft Visual Studio/2019/Enterprise/MSBuild/Current/Bin/MSBuild.exe cmTC_771b0.vcxproj /p:Configuration=Debug /p:Platform=x64 /p:VisualStudioVersion=16.0 /v:m && Microsoft (R) Build Engine version 16.6.0+5ff7b0c9e for .NET Framework
Copyright (C) Microsoft Corporation. All rights reserved.

  Microsoft (R) C/C++ Optimizing Compiler Version 19.26.28806 for x64
  Copyright (C) Microsoft Corporation.  All rights reserved.
  CheckIncludeFile.c
  cl /c /Zi /W3 /WX- /diagnostics:column /Od /Ob0 /D WIN32 /D _WINDOWS /D "CMAKE_INTDIR=\"Debug\"" /D _MBCS /Gm- /RTC1 /MDd /GS /fp:precise /Zc:wchar_t /Zc:forScope /Zc:inline /Fo"cmTC_771b0.dir\Debug\\" /Fd"cmTC_771b0.dir\Debug\vc142.pdb" /Gd /TC /errorReport:queue "C:\Users\runneradmin\AppData\Local\Temp\pip-req-build-br6x6pui\openjpeg\src\openjpeg\build\CMakeFiles\CMakeTmp\CheckIncludeFile.c"
C:\Users\runneradmin\AppData\Local\Temp\pip-req-build-br6x6pui\openjpeg\src\openjpeg\build\CMakeFiles\CMakeTmp\CheckIncludeFile.c(1,10): fatal error C1083: Cannot open include file: 'strings.h': No such file or directory [C:\Users\runneradmin\AppData\Local\Temp\pip-req-build-br6x6pui\openjpeg\src\openjpeg\build\CMakeFiles\CMakeTmp\cmTC_771b0.vcxproj]



Determining if the include file unistd.h exists failed with the following output:
Change Dir: C:/Users/runneradmin/AppData/Local/Temp/pip-req-build-br6x6pui/openjpeg/src/openjpeg/build/CMakeFiles/CMakeTmp

Run Build Command(s):C:/Program Files (x86)/Microsoft Visual Studio/2019/Enterprise/MSBuild/Current/Bin/MSBuild.exe cmTC_343a7.vcxproj /p:Configuration=Debug /p:Platform=x64 /p:VisualStudioVersion=16.0 /v:m && Microsoft (R) Build Engine version 16.6.0+5ff7b0c9e for .NET Framework
Copyright (C) Microsoft Corporation. All rights reserved.

  Microsoft (R) C/C++ Optimizing Compiler Version 19.26.28806 for x64
  Copyright (C) Microsoft Corporation.  All rights reserved.
  CheckIncludeFile.c
  cl /c /Zi /W3 /WX- /diagnostics:column /Od /Ob0 /D WIN32 /D _WINDOWS /D "CMAKE_INTDIR=\"Debug\"" /D _MBCS /Gm- /RTC1 /MDd /GS /fp:precise /Zc:wchar_t /Zc:forScope /Zc:inline /Fo"cmTC_343a7.dir\Debug\\" /Fd"cmTC_343a7.dir\Debug\vc142.pdb" /Gd /TC /errorReport:queue "C:\Users\runneradmin\AppData\Local\Temp\pip-req-build-br6x6pui\openjpeg\src\openjpeg\build\CMakeFiles\CMakeTmp\CheckIncludeFile.c"
C:\Users\runneradmin\AppData\Local\Temp\pip-req-build-br6x6pui\openjpeg\src\openjpeg\build\CMakeFiles\CMakeTmp\CheckIncludeFile.c(1,10): fatal error C1083: Cannot open include file: 'unistd.h': No such file or directory [C:\Users\runneradmin\AppData\Local\Temp\pip-req-build-br6x6pui\openjpeg\src\openjpeg\build\CMakeFiles\CMakeTmp\cmTC_343a7.vcxproj]



Determining if the posix_memalign exist failed with the following output:
Change Dir: C:/Users/runneradmin/AppData/Local/Temp/pip-req-build-br6x6pui/openjpeg/src/openjpeg/build/CMakeFiles/CMakeTmp

Run Build Command(s):C:/Program Files (x86)/Microsoft Visual Studio/2019/Enterprise/MSBuild/Current/Bin/MSBuild.exe cmTC_7293b.vcxproj /p:Configuration=Debug /p:Platform=x64 /p:VisualStudioVersion=16.0 /v:m && Microsoft (R) Build Engine version 16.6.0+5ff7b0c9e for .NET Framework
Copyright (C) Microsoft Corporation. All rights reserved.

  Microsoft (R) C/C++ Optimizing Compiler Version 19.26.28806 for x64
  Copyright (C) Microsoft Corporation.  All rights reserved.
  CheckSymbolExists.c
  cl /c /Zi /W3 /WX- /diagnostics:column /Od /Ob0 /D WIN32 /D _WINDOWS /D _POSIX_C_SOURCE=200112L /D "CMAKE_INTDIR=\"Debug\"" /D _MBCS /Gm- /RTC1 /MDd /GS /fp:precise /Zc:wchar_t /Zc:forScope /Zc:inline /Fo"cmTC_7293b.dir\Debug\\" /Fd"cmTC_7293b.dir\Debug\vc142.pdb" /Gd /TC /errorReport:queue "C:\Users\runneradmin\AppData\Local\Temp\pip-req-build-br6x6pui\openjpeg\src\openjpeg\build\CMakeFiles\CMakeTmp\CheckSymbolExists.c"
C:\Users\runneradmin\AppData\Local\Temp\pip-req-build-br6x6pui\openjpeg\src\openjpeg\build\CMakeFiles\CMakeTmp\CheckSymbolExists.c(8,33): error C2065: 'posix_memalign': undeclared identifier [C:\Users\runneradmin\AppData\Local\Temp\pip-req-build-br6x6pui\openjpeg\src\openjpeg\build\CMakeFiles\CMakeTmp\cmTC_7293b.vcxproj]


File C:/Users/runneradmin/AppData/Local/Temp/pip-req-build-br6x6pui/openjpeg/src/openjpeg/build/CMakeFiles/CMakeTmp/CheckSymbolExists.c:
/* */
#include <stdlib.h>

int main(int argc, char** argv)
{
  (void)argv;
#ifndef posix_memalign
  return ((int*)(&posix_memalign))[argc];
#else
  (void)argc;
  return 0;
#endif
}
Determining if the memalign exist failed with the following output:
Change Dir: C:/Users/runneradmin/AppData/Local/Temp/pip-req-build-br6x6pui/openjpeg/src/openjpeg/build/CMakeFiles/CMakeTmp

Run Build Command(s):C:/Program Files (x86)/Microsoft Visual Studio/2019/Enterprise/MSBuild/Current/Bin/MSBuild.exe cmTC_210f4.vcxproj /p:Configuration=Debug /p:Platform=x64 /p:VisualStudioVersion=16.0 /v:m && Microsoft (R) Build Engine version 16.6.0+5ff7b0c9e for .NET Framework
Copyright (C) Microsoft Corporation. All rights reserved.

  Microsoft (R) C/C++ Optimizing Compiler Version 19.26.28806 for x64
  Copyright (C) Microsoft Corporation.  All rights reserved.
  CheckSymbolExists.c
  cl /c /Zi /W3 /WX- /diagnostics:column /Od /Ob0 /D WIN32 /D _WINDOWS /D "CMAKE_INTDIR=\"Debug\"" /D _MBCS /Gm- /RTC1 /MDd /GS /fp:precise /Zc:wchar_t /Zc:forScope /Zc:inline /Fo"cmTC_210f4.dir\Debug\\" /Fd"cmTC_210f4.dir\Debug\vc142.pdb" /Gd /TC /errorReport:queue "C:\Users\runneradmin\AppData\Local\Temp\pip-req-build-br6x6pui\openjpeg\src\openjpeg\build\CMakeFiles\CMakeTmp\CheckSymbolExists.c"
C:\Users\runneradmin\AppData\Local\Temp\pip-req-build-br6x6pui\openjpeg\src\openjpeg\build\CMakeFiles\CMakeTmp\CheckSymbolExists.c(8,27): error C2065: 'memalign': undeclared identifier [C:\Users\runneradmin\AppData\Local\Temp\pip-req-build-br6x6pui\openjpeg\src\openjpeg\build\CMakeFiles\CMakeTmp\cmTC_210f4.vcxproj]


File C:/Users/runneradmin/AppData/Local/Temp/pip-req-build-br6x6pui/openjpeg/src/openjpeg/build/CMakeFiles/CMakeTmp/CheckSymbolExists.c:
/* */
#include <malloc.h>

int main(int argc, char** argv)
{
  (void)argv;
#ifndef memalign
  return ((int*)(&memalign))[argc];
#else
  (void)argc;
  return 0;
#endif
}
