<?xml version="1.0" ?>
<testsuites disabled="0" errors="0" failures="2" tests="38" time="76.01465392112732">
	<testsuite disabled="0" errors="0" failures="2" name="meraki_admin-nfgj3p8l" skipped="0" tests="38" time="76.01465392112732">
		<testcase classname="/root/ansible/ansible_collections/cisco/meraki/tests/output/.tmp/integration/meraki_admin-6vxw852a-ÅÑŚÌβŁÈ/tests/integration/targets/meraki_admin/tasks/main.yml:7" name="[localhost] meraki: meraki_admin : Create new administrator in check mode auth_key={{auth_key}}, state=present, org_name={{test_org_name}}, name=Jane Doe, email={{email_prefix}}+janedoe@{{email_domain}}, org_access=read-only" time="2.534911">
			<system-out>{
&quot;ansible_facts&quot;: {
&quot;discovered_interpreter_python&quot;: &quot;/usr/bin/python&quot;
},
&quot;changed&quot;: true,
&quot;data&quot;: {
&quot;email&quot;: &quot;meraki+janedoe@kevinbreit.net&quot;,
&quot;name&quot;: &quot;Jane Doe&quot;,
&quot;org_access&quot;: &quot;read-only&quot;
},
&quot;deprecations&quot;: [
{
&quot;msg&quot;: &quot;Distribution Ubuntu 18.04 on host localhost should use /usr/bin/python3, but is using /usr/bin/python for backward compatibility with prior Ansible releases. A future Ansible release will default to using the discovered platform python for this host. See https://docs.ansible.com/ansible/2.9/reference_appendices/interpreter_discovery.html for more information&quot;,
&quot;version&quot;: &quot;2.12&quot;
}
],
&quot;response&quot;: &quot;OK (unknown bytes)&quot;,
&quot;status&quot;: 200
}</system-out>
		</testcase>
		<testcase classname="/root/ansible/ansible_collections/cisco/meraki/tests/output/.tmp/integration/meraki_admin-6vxw852a-ÅÑŚÌβŁÈ/tests/integration/targets/meraki_admin/tasks/main.yml:19" name="[localhost] meraki: meraki_admin : Create new admin check mode assertion that=['create_org_check is changed', 'create_org_check.data.name == &quot;Jane Doe&quot;']" time="0.334104">
			<system-out>{
    &quot;changed&quot;: false,
    &quot;msg&quot;: &quot;All assertions passed&quot;
}</system-out>
		</testcase>
		<testcase classname="/root/ansible/ansible_collections/cisco/meraki/tests/output/.tmp/integration/meraki_admin-6vxw852a-ÅÑŚÌβŁÈ/tests/integration/targets/meraki_admin/tasks/main.yml:25" name="[localhost] meraki: meraki_admin : Create new administrator auth_key={{auth_key}}, state=present, org_name={{test_org_name}}, name=Jane Doe, email={{email_prefix}}+janedoe@{{email_domain}}, org_access=read-only" time="3.257630">
			<system-out>{
&quot;changed&quot;: true,
&quot;data&quot;: {
&quot;account_status&quot;: &quot;unverified&quot;,
&quot;email&quot;: &quot;meraki+janedoe@kevinbreit.net&quot;,
&quot;has_api_key&quot;: false,
&quot;id&quot;: &quot;624874448297769320&quot;,
&quot;last_active&quot;: &quot;&quot;,
&quot;name&quot;: &quot;Jane Doe&quot;,
&quot;networks&quot;: [],
&quot;org_access&quot;: &quot;read-only&quot;,
&quot;tags&quot;: [],
&quot;two_factor_auth_enabled&quot;: false
},
&quot;response&quot;: &quot;OK (unknown bytes)&quot;,
&quot;status&quot;: 201
}</system-out>
		</testcase>
		<testcase classname="/root/ansible/ansible_collections/cisco/meraki/tests/output/.tmp/integration/meraki_admin-6vxw852a-ÅÑŚÌβŁÈ/tests/integration/targets/meraki_admin/tasks/main.yml:36" name="[localhost] meraki: meraki_admin : Create new admin assertion that=['create_orgaccess.changed == true', 'create_orgaccess.data.name == &quot;Jane Doe&quot;']" time="0.353849">
			<system-out>{
    &quot;changed&quot;: false,
    &quot;msg&quot;: &quot;All assertions passed&quot;
}</system-out>
		</testcase>
		<testcase classname="/root/ansible/ansible_collections/cisco/meraki/tests/output/.tmp/integration/meraki_admin-6vxw852a-ÅÑŚÌβŁÈ/tests/integration/targets/meraki_admin/tasks/main.yml:42" name="[localhost] meraki: meraki_admin : Delete recently created administrator with check mode auth_key={{auth_key}}, state=absent, org_name={{test_org_name}}, email={{email_prefix}}+janedoe@{{email_domain}}" time="1.387908">
			<system-out>{
&quot;changed&quot;: true,
&quot;data&quot;: {},
&quot;response&quot;: &quot;OK (unknown bytes)&quot;,
&quot;status&quot;: 200
}</system-out>
		</testcase>
		<testcase classname="/root/ansible/ansible_collections/cisco/meraki/tests/output/.tmp/integration/meraki_admin-6vxw852a-ÅÑŚÌβŁÈ/tests/integration/targets/meraki_admin/tasks/main.yml:52" name="[localhost] meraki: meraki_admin : assert that=['delete_one_check is changed']" time="0.349338">
			<system-out>{
    &quot;changed&quot;: false,
    &quot;msg&quot;: &quot;All assertions passed&quot;
}</system-out>
		</testcase>
		<testcase classname="/root/ansible/ansible_collections/cisco/meraki/tests/output/.tmp/integration/meraki_admin-6vxw852a-ÅÑŚÌβŁÈ/tests/integration/targets/meraki_admin/tasks/main.yml:56" name="[localhost] meraki: meraki_admin : Delete recently created administrator auth_key={{auth_key}}, state=absent, org_name={{test_org_name}}, email={{email_prefix}}+janedoe@{{email_domain}}" time="2.932930">
			<system-out>{
&quot;changed&quot;: true,
&quot;data&quot;: null,
&quot;response&quot;: &quot;OK (unknown bytes)&quot;,
&quot;status&quot;: 204
}</system-out>
		</testcase>
		<testcase classname="/root/ansible/ansible_collections/cisco/meraki/tests/output/.tmp/integration/meraki_admin-6vxw852a-ÅÑŚÌβŁÈ/tests/integration/targets/meraki_admin/tasks/main.yml:65" name="[localhost] meraki: meraki_admin : Create new administrator with org_id auth_key={{auth_key}}, state=present, org_id={{test_org_id}}, name=Jane Doe, email={{email_prefix}}+janedoe@{{email_domain}}, orgAccess=read-only" time="2.682517">
			<system-out>{
&quot;changed&quot;: true,
&quot;data&quot;: {
&quot;account_status&quot;: &quot;unverified&quot;,
&quot;email&quot;: &quot;meraki+janedoe@kevinbreit.net&quot;,
&quot;has_api_key&quot;: false,
&quot;id&quot;: &quot;624874448297769321&quot;,
&quot;last_active&quot;: &quot;&quot;,
&quot;name&quot;: &quot;Jane Doe&quot;,
&quot;networks&quot;: [],
&quot;org_access&quot;: &quot;read-only&quot;,
&quot;tags&quot;: [],
&quot;two_factor_auth_enabled&quot;: false
},
&quot;response&quot;: &quot;OK (unknown bytes)&quot;,
&quot;status&quot;: 201,
&quot;warnings&quot;: [
&quot;The value 133277 (type int) in a string field was converted to '133277' (type string). If this does not look like what you expect, quote the entire value to ensure it does not change.&quot;
]
}</system-out>
		</testcase>
		<testcase classname="/root/ansible/ansible_collections/cisco/meraki/tests/output/.tmp/integration/meraki_admin-6vxw852a-ÅÑŚÌβŁÈ/tests/integration/targets/meraki_admin/tasks/main.yml:76" name="[localhost] meraki: meraki_admin : Create new admin assertion that=['create_orgaccess_id.changed == true', 'create_orgaccess_id.data.name == &quot;Jane Doe&quot;']" time="0.404830">
			<system-out>{
    &quot;changed&quot;: false,
    &quot;msg&quot;: &quot;All assertions passed&quot;
}</system-out>
		</testcase>
		<testcase classname="/root/ansible/ansible_collections/cisco/meraki/tests/output/.tmp/integration/meraki_admin-6vxw852a-ÅÑŚÌβŁÈ/tests/integration/targets/meraki_admin/tasks/main.yml:82" name="[localhost] meraki: meraki_admin : Create administrator with tags with check mode auth_key={{auth_key}}, state=present, org_name={{test_org_name}}, name=John Doe, email={{email_prefix}}+johndoe@{{email_domain}}, orgAccess=none, tags=[{'tag': 'production', 'access': 'read-only'}, {'tag': 'beta', 'access': 'full'}]" time="2.362606">
			<system-out>{
&quot;changed&quot;: true,
&quot;data&quot;: {
&quot;email&quot;: &quot;meraki+johndoe@kevinbreit.net&quot;,
&quot;name&quot;: &quot;John Doe&quot;,
&quot;org_access&quot;: &quot;none&quot;,
&quot;tags&quot;: [
{
&quot;access&quot;: &quot;read-only&quot;,
&quot;tag&quot;: &quot;production&quot;
},
{
&quot;access&quot;: &quot;full&quot;,
&quot;tag&quot;: &quot;beta&quot;
}
]
},
&quot;response&quot;: &quot;OK (unknown bytes)&quot;,
&quot;status&quot;: 200
}</system-out>
		</testcase>
		<testcase classname="/root/ansible/ansible_collections/cisco/meraki/tests/output/.tmp/integration/meraki_admin-6vxw852a-ÅÑŚÌβŁÈ/tests/integration/targets/meraki_admin/tasks/main.yml:99" name="[localhost] meraki: meraki_admin : debug var=create_tags_check" time="0.347200">
			<system-out>{
    &quot;changed&quot;: false,
    &quot;create_tags_check&quot;: {
        &quot;changed&quot;: true,
        &quot;data&quot;: {
            &quot;email&quot;: &quot;meraki+johndoe@kevinbreit.net&quot;,
            &quot;name&quot;: &quot;John Doe&quot;,
            &quot;org_access&quot;: &quot;none&quot;,
            &quot;tags&quot;: [
                {
                    &quot;access&quot;: &quot;read-only&quot;,
                    &quot;tag&quot;: &quot;production&quot;
                },
                {
                    &quot;access&quot;: &quot;full&quot;,
                    &quot;tag&quot;: &quot;beta&quot;
                }
            ]
        },
        &quot;failed&quot;: false,
        &quot;response&quot;: &quot;OK (unknown bytes)&quot;,
        &quot;status&quot;: 200
    }
}</system-out>
		</testcase>
		<testcase classname="/root/ansible/ansible_collections/cisco/meraki/tests/output/.tmp/integration/meraki_admin-6vxw852a-ÅÑŚÌβŁÈ/tests/integration/targets/meraki_admin/tasks/main.yml:102" name="[localhost] meraki: meraki_admin : assert that=['create_tags_check is changed', 'create_tags_check.data.name == &quot;John Doe&quot;', 'create_tags_check.data.tags | length == 2']" time="0.374525">
			<system-out>{
    &quot;changed&quot;: false,
    &quot;msg&quot;: &quot;All assertions passed&quot;
}</system-out>
		</testcase>
		<testcase classname="/root/ansible/ansible_collections/cisco/meraki/tests/output/.tmp/integration/meraki_admin-6vxw852a-ÅÑŚÌβŁÈ/tests/integration/targets/meraki_admin/tasks/main.yml:108" name="[localhost] meraki: meraki_admin : Create administrator with tags auth_key={{auth_key}}, state=present, org_name={{test_org_name}}, name=John Doe, email={{email_prefix}}+johndoe@{{email_domain}}, orgAccess=none, tags=[{'tag': 'production', 'access': 'read-only'}, {'tag': 'beta', 'access': 'full'}]" time="3.623618">
			<system-out>{
&quot;changed&quot;: true,
&quot;data&quot;: {
&quot;account_status&quot;: &quot;unverified&quot;,
&quot;email&quot;: &quot;meraki+johndoe@kevinbreit.net&quot;,
&quot;has_api_key&quot;: false,
&quot;id&quot;: &quot;624874448297769322&quot;,
&quot;last_active&quot;: &quot;&quot;,
&quot;name&quot;: &quot;John Doe&quot;,
&quot;networks&quot;: [],
&quot;org_access&quot;: &quot;none&quot;,
&quot;tags&quot;: [
{
&quot;access&quot;: &quot;full&quot;,
&quot;tag&quot;: &quot;beta&quot;
},
{
&quot;access&quot;: &quot;read-only&quot;,
&quot;tag&quot;: &quot;production&quot;
}
],
&quot;two_factor_auth_enabled&quot;: false
},
&quot;response&quot;: &quot;OK (unknown bytes)&quot;,
&quot;status&quot;: 201
}</system-out>
		</testcase>
		<testcase classname="/root/ansible/ansible_collections/cisco/meraki/tests/output/.tmp/integration/meraki_admin-6vxw852a-ÅÑŚÌβŁÈ/tests/integration/targets/meraki_admin/tasks/main.yml:124" name="[localhost] meraki: meraki_admin : assert that=['create_tags.changed == true', 'create_tags.data.name == &quot;John Doe&quot;', 'create_tags.data.tags | length == 2']" time="0.371406">
			<system-out>{
    &quot;changed&quot;: false,
    &quot;msg&quot;: &quot;All assertions passed&quot;
}</system-out>
		</testcase>
		<testcase classname="/root/ansible/ansible_collections/cisco/meraki/tests/output/.tmp/integration/meraki_admin-6vxw852a-ÅÑŚÌβŁÈ/tests/integration/targets/meraki_admin/tasks/main.yml:130" name="[localhost] meraki: meraki_admin : Create administrator with invalid tags auth_key={{auth_key}}, state=present, org_name={{test_org_name}}, name=Jake Doe, email={{email_prefix}}+jakedoe@{{email_domain}}, orgAccess=none, tags=[{'tag': 'production', 'access': 'read-only'}, {'tag': 'alpha', 'access': 'invalid'}]" time="3.206112">
			<system-out>{
&quot;body&quot;: {
&quot;errors&quot;: [
&quot;Invalid permission type: &quot;
]
},
&quot;changed&quot;: false,
&quot;msg&quot;: &quot;HTTP error 400 - https://api.meraki.com/api/v0/organizations/133277/admins - ['Invalid permission type: ']&quot;,
&quot;response&quot;: &quot;HTTP Error 400: Bad Request&quot;,
&quot;status&quot;: 400
}</system-out>
		</testcase>
		<testcase classname="/root/ansible/ansible_collections/cisco/meraki/tests/output/.tmp/integration/meraki_admin-6vxw852a-ÅÑŚÌβŁÈ/tests/integration/targets/meraki_admin/tasks/main.yml:147" name="[localhost] meraki: meraki_admin : assert that=['&quot;400&quot; in create_tags_invalid.msg', '&quot;Invalid permission type&quot; in create_tags_invalid.msg']" time="0.396051">
			<system-out>{
    &quot;changed&quot;: false,
    &quot;msg&quot;: &quot;All assertions passed&quot;
}</system-out>
		</testcase>
		<testcase classname="/root/ansible/ansible_collections/cisco/meraki/tests/output/.tmp/integration/meraki_admin-6vxw852a-ÅÑŚÌβŁÈ/tests/integration/targets/meraki_admin/tasks/main.yml:152" name="[localhost] meraki: meraki_admin : Create administrator with invalid tag permission auth_key={{auth_key}}, state=present, org_name={{test_org_name}}, name=Jake Doe, email={{email_prefix}}+jakedoe@{{email_domain}}, orgAccess=none, tags=[{'tag': 'production', 'access': 'read-only'}, {'tag': 'beta', 'access': 'invalid'}]" time="3.109722">
			<system-out>{
&quot;body&quot;: {
&quot;errors&quot;: [
&quot;Invalid permission type: &quot;
]
},
&quot;changed&quot;: false,
&quot;msg&quot;: &quot;HTTP error 400 - https://api.meraki.com/api/v0/organizations/133277/admins - ['Invalid permission type: ']&quot;,
&quot;response&quot;: &quot;HTTP Error 400: Bad Request&quot;,
&quot;status&quot;: 400
}</system-out>
		</testcase>
		<testcase classname="/root/ansible/ansible_collections/cisco/meraki/tests/output/.tmp/integration/meraki_admin-6vxw852a-ÅÑŚÌβŁÈ/tests/integration/targets/meraki_admin/tasks/main.yml:169" name="[localhost] meraki: meraki_admin : assert that=['&quot;400&quot; in create_tags_invalid_permission.msg', '&quot;Invalid permission type&quot; in create_tags_invalid_permission.msg']" time="0.353263">
			<system-out>{
    &quot;changed&quot;: false,
    &quot;msg&quot;: &quot;All assertions passed&quot;
}</system-out>
		</testcase>
		<testcase classname="/root/ansible/ansible_collections/cisco/meraki/tests/output/.tmp/integration/meraki_admin-6vxw852a-ÅÑŚÌβŁÈ/tests/integration/targets/meraki_admin/tasks/main.yml:174" name="[localhost] meraki: meraki_admin : Make sure TestNet and TestNet2 are created auth_key={{auth_key}}, state=present, org_name={{test_org_name}}, net_name={{item}}, type=switch" time="5.461659">
			<system-out>{
&quot;changed&quot;: false,
&quot;msg&quot;: &quot;All items completed&quot;,
&quot;results&quot;: [
{
&quot;ansible_loop_var&quot;: &quot;item&quot;,
&quot;changed&quot;: false,
&quot;data&quot;: {
&quot;disable_my_meraki_com&quot;: false,
&quot;disable_remote_status_page&quot;: true,
&quot;id&quot;: &quot;N_624874448297677946&quot;,
&quot;name&quot;: &quot;TestNet&quot;,
&quot;organization_id&quot;: &quot;133277&quot;,
&quot;product_types&quot;: [
&quot;switch&quot;
],
&quot;tags&quot;: null,
&quot;time_zone&quot;: &quot;America/Los_Angeles&quot;,
&quot;type&quot;: &quot;switch&quot;
},
&quot;failed&quot;: false,
&quot;invocation&quot;: {
&quot;module_args&quot;: {
&quot;auth_key&quot;: &quot;VALUE_SPECIFIED_IN_NO_LOG_PARAMETER&quot;,
&quot;disable_my_meraki&quot;: null,
&quot;enable_my_meraki&quot;: null,
&quot;enable_remote_status_page&quot;: null,
&quot;enable_vlans&quot;: null,
&quot;follow_redirects&quot;: &quot;all&quot;,
&quot;host&quot;: &quot;api.meraki.com&quot;,
&quot;internal_error_retry_time&quot;: 60,
&quot;net_id&quot;: null,
&quot;net_name&quot;: &quot;TestNet&quot;,
&quot;org_id&quot;: null,
&quot;org_name&quot;: &quot;kbreit@insight.com&quot;,
&quot;output_format&quot;: &quot;snakecase&quot;,
&quot;output_level&quot;: &quot;normal&quot;,
&quot;protocol&quot;: &quot;https&quot;,
&quot;rate_limit_retry_time&quot;: 165,
&quot;state&quot;: &quot;present&quot;,
&quot;tags&quot;: null,
&quot;timeout&quot;: 30,
&quot;timezone&quot;: null,
&quot;type&quot;: [
&quot;switch&quot;
],
&quot;use_https&quot;: true,
&quot;use_proxy&quot;: false,
&quot;validate_certs&quot;: true
}
},
&quot;item&quot;: &quot;TestNet&quot;,
&quot;response&quot;: &quot;OK (unknown bytes)&quot;,
&quot;status&quot;: 200
},
{
&quot;ansible_loop_var&quot;: &quot;item&quot;,
&quot;changed&quot;: false,
&quot;data&quot;: {
&quot;disable_my_meraki_com&quot;: false,
&quot;disable_remote_status_page&quot;: true,
&quot;id&quot;: &quot;N_624874448297677947&quot;,
&quot;name&quot;: &quot;TestNet2&quot;,
&quot;organization_id&quot;: &quot;133277&quot;,
&quot;product_types&quot;: [
&quot;switch&quot;
],
&quot;tags&quot;: null,
&quot;time_zone&quot;: &quot;America/Los_Angeles&quot;,
&quot;type&quot;: &quot;switch&quot;
},
&quot;failed&quot;: false,
&quot;invocation&quot;: {
&quot;module_args&quot;: {
&quot;auth_key&quot;: &quot;VALUE_SPECIFIED_IN_NO_LOG_PARAMETER&quot;,
&quot;disable_my_meraki&quot;: null,
&quot;enable_my_meraki&quot;: null,
&quot;enable_remote_status_page&quot;: null,
&quot;enable_vlans&quot;: null,
&quot;follow_redirects&quot;: &quot;all&quot;,
&quot;host&quot;: &quot;api.meraki.com&quot;,
&quot;internal_error_retry_time&quot;: 60,
&quot;net_id&quot;: null,
&quot;net_name&quot;: &quot;TestNet2&quot;,
&quot;org_id&quot;: null,
&quot;org_name&quot;: &quot;kbreit@insight.com&quot;,
&quot;output_format&quot;: &quot;snakecase&quot;,
&quot;output_level&quot;: &quot;normal&quot;,
&quot;protocol&quot;: &quot;https&quot;,
&quot;rate_limit_retry_time&quot;: 165,
&quot;state&quot;: &quot;present&quot;,
&quot;tags&quot;: null,
&quot;timeout&quot;: 30,
&quot;timezone&quot;: null,
&quot;type&quot;: [
&quot;switch&quot;
],
&quot;use_https&quot;: true,
&quot;use_proxy&quot;: false,
&quot;validate_certs&quot;: true
}
},
&quot;item&quot;: &quot;TestNet2&quot;,
&quot;response&quot;: &quot;OK (unknown bytes)&quot;,
&quot;status&quot;: 200
}
]
}</system-out>
		</testcase>
		<testcase classname="/root/ansible/ansible_collections/cisco/meraki/tests/output/.tmp/integration/meraki_admin-6vxw852a-ÅÑŚÌβŁÈ/tests/integration/targets/meraki_admin/tasks/main.yml:185" name="[localhost] meraki: meraki_admin : Create administrator with networks with check mode auth_key={{auth_key}}, state=present, org_name={{test_org_name}}, name=Jim Doe, email={{email_prefix}}+jimdoe@{{email_domain}}, orgAccess=none, networks=[{'network': 'TestNet', 'access': 'read-only'}, {'network': 'TestNet2', 'access': 'full'}]" time="3.717247">
			<system-out>{
&quot;changed&quot;: true,
&quot;data&quot;: {
&quot;email&quot;: &quot;meraki+jimdoe@kevinbreit.net&quot;,
&quot;name&quot;: &quot;Jim Doe&quot;,
&quot;networks&quot;: [
{
&quot;access&quot;: &quot;read-only&quot;,
&quot;id&quot;: &quot;N_624874448297677946&quot;
},
{
&quot;access&quot;: &quot;full&quot;,
&quot;id&quot;: &quot;N_624874448297677947&quot;
}
],
&quot;org_access&quot;: &quot;none&quot;
},
&quot;response&quot;: &quot;OK (unknown bytes)&quot;,
&quot;status&quot;: 200
}</system-out>
		</testcase>
		<testcase classname="/root/ansible/ansible_collections/cisco/meraki/tests/output/.tmp/integration/meraki_admin-6vxw852a-ÅÑŚÌβŁÈ/tests/integration/targets/meraki_admin/tasks/main.yml:202" name="[localhost] meraki: meraki_admin : assert that=['create_network_check is changed', 'create_network_check.data.name == &quot;Jim Doe&quot;', 'create_network_check.data.networks | length == 2']" time="0.458605">
			<system-out>{
    &quot;changed&quot;: false,
    &quot;msg&quot;: &quot;All assertions passed&quot;
}</system-out>
		</testcase>
		<testcase classname="/root/ansible/ansible_collections/cisco/meraki/tests/output/.tmp/integration/meraki_admin-6vxw852a-ÅÑŚÌβŁÈ/tests/integration/targets/meraki_admin/tasks/main.yml:208" name="[localhost] meraki: meraki_admin : Create administrator with networks auth_key={{auth_key}}, state=present, org_name={{test_org_name}}, name=Jim Doe, email={{email_prefix}}+jimdoe@{{email_domain}}, orgAccess=none, networks=[{'network': 'TestNet', 'access': 'read-only'}, {'network': 'TestNet2', 'access': 'full'}]" time="4.884097">
			<system-out>{
&quot;changed&quot;: true,
&quot;data&quot;: {
&quot;account_status&quot;: &quot;unverified&quot;,
&quot;email&quot;: &quot;meraki+jimdoe@kevinbreit.net&quot;,
&quot;has_api_key&quot;: false,
&quot;id&quot;: &quot;624874448297769325&quot;,
&quot;last_active&quot;: &quot;&quot;,
&quot;name&quot;: &quot;Jim Doe&quot;,
&quot;networks&quot;: [
{
&quot;access&quot;: &quot;full&quot;,
&quot;id&quot;: &quot;N_624874448297677947&quot;
},
{
&quot;access&quot;: &quot;read-only&quot;,
&quot;id&quot;: &quot;N_624874448297677946&quot;
}
],
&quot;org_access&quot;: &quot;none&quot;,
&quot;tags&quot;: [],
&quot;two_factor_auth_enabled&quot;: false
},
&quot;response&quot;: &quot;OK (unknown bytes)&quot;,
&quot;status&quot;: 201
}</system-out>
		</testcase>
		<testcase classname="/root/ansible/ansible_collections/cisco/meraki/tests/output/.tmp/integration/meraki_admin-6vxw852a-ÅÑŚÌβŁÈ/tests/integration/targets/meraki_admin/tasks/main.yml:224" name="[localhost] meraki: meraki_admin : assert that=['create_network.changed == true', 'create_network.data.name == &quot;Jim Doe&quot;', 'create_network.data.networks | length == 2']" time="0.467425">
			<system-out>{
    &quot;changed&quot;: false,
    &quot;msg&quot;: &quot;All assertions passed&quot;
}</system-out>
		</testcase>
		<testcase classname="/root/ansible/ansible_collections/cisco/meraki/tests/output/.tmp/integration/meraki_admin-6vxw852a-ÅÑŚÌβŁÈ/tests/integration/targets/meraki_admin/tasks/main.yml:230" name="[localhost] meraki: meraki_admin : Update administrator with check mode auth_key={{auth_key}}, state=present, org_name={{test_org_name}}, name=Jim Doe, email={{email_prefix}}+jimdoe@{{email_domain}}, orgAccess=none, networks=[{'network': 'TestNet', 'access': 'full'}]" time="3.601213">
			<system-out>{
&quot;changed&quot;: true,
&quot;data&quot;: {
&quot;email&quot;: &quot;meraki+jimdoe@kevinbreit.net&quot;,
&quot;name&quot;: &quot;Jim Doe&quot;,
&quot;networks&quot;: [
{
&quot;access&quot;: &quot;full&quot;,
&quot;id&quot;: &quot;N_624874448297677946&quot;
}
],
&quot;org_access&quot;: &quot;none&quot;,
&quot;tags&quot;: []
},
&quot;response&quot;: &quot;OK (unknown bytes)&quot;,
&quot;status&quot;: 200
}</system-out>
		</testcase>
		<testcase classname="/root/ansible/ansible_collections/cisco/meraki/tests/output/.tmp/integration/meraki_admin-6vxw852a-ÅÑŚÌβŁÈ/tests/integration/targets/meraki_admin/tasks/main.yml:245" name="[localhost] meraki: meraki_admin : debug var=update_network_check" time="0.474118">
			<system-out>{
    &quot;changed&quot;: false,
    &quot;update_network_check&quot;: {
        &quot;changed&quot;: true,
        &quot;data&quot;: {
            &quot;email&quot;: &quot;meraki+jimdoe@kevinbreit.net&quot;,
            &quot;name&quot;: &quot;Jim Doe&quot;,
            &quot;networks&quot;: [
                {
                    &quot;access&quot;: &quot;full&quot;,
                    &quot;id&quot;: &quot;N_624874448297677946&quot;
                }
            ],
            &quot;org_access&quot;: &quot;none&quot;,
            &quot;tags&quot;: []
        },
        &quot;diff&quot;: {
            &quot;after&quot;: {
                &quot;networks&quot;: [
                    {
                        &quot;access&quot;: &quot;full&quot;,
                        &quot;id&quot;: &quot;N_624874448297677946&quot;
                    }
                ]
            },
            &quot;before&quot;: {
                &quot;accountStatus&quot;: &quot;unverified&quot;,
                &quot;hasApiKey&quot;: false,
                &quot;id&quot;: &quot;624874448297769325&quot;,
                &quot;lastActive&quot;: &quot;&quot;,
                &quot;networks&quot;: [
                    {
                        &quot;access&quot;: &quot;full&quot;,
                        &quot;id&quot;: &quot;N_624874448297677947&quot;
                    },
                    {
                        &quot;access&quot;: &quot;read-only&quot;,
                        &quot;id&quot;: &quot;N_624874448297677946&quot;
                    }
                ],
                &quot;twoFactorAuthEnabled&quot;: false
            }
        },
        &quot;failed&quot;: false,
        &quot;response&quot;: &quot;OK (unknown bytes)&quot;,
        &quot;status&quot;: 200
    }
}</system-out>
		</testcase>
		<testcase classname="/root/ansible/ansible_collections/cisco/meraki/tests/output/.tmp/integration/meraki_admin-6vxw852a-ÅÑŚÌβŁÈ/tests/integration/targets/meraki_admin/tasks/main.yml:248" name="[localhost] meraki: meraki_admin : assert that=['update_network_check is changed', 'update_network_check.data.networks.0.access == &quot;full&quot;', 'update_network_check.data.networks | length == 1']" time="0.477848">
			<system-out>{
    &quot;changed&quot;: false,
    &quot;msg&quot;: &quot;All assertions passed&quot;
}</system-out>
		</testcase>
		<testcase classname="/root/ansible/ansible_collections/cisco/meraki/tests/output/.tmp/integration/meraki_admin-6vxw852a-ÅÑŚÌβŁÈ/tests/integration/targets/meraki_admin/tasks/main.yml:254" name="[localhost] meraki: meraki_admin : Update administrator auth_key={{auth_key}}, state=present, org_name={{test_org_name}}, name=Jim Doe, email={{email_prefix}}+jimdoe@{{email_domain}}, orgAccess=none, networks=[{'network': 'TestNet', 'access': 'full'}]" time="4.349371">
			<system-out>{
&quot;changed&quot;: true,
&quot;data&quot;: {
&quot;account_status&quot;: &quot;unverified&quot;,
&quot;email&quot;: &quot;meraki+jimdoe@kevinbreit.net&quot;,
&quot;has_api_key&quot;: false,
&quot;id&quot;: &quot;624874448297769325&quot;,
&quot;last_active&quot;: &quot;&quot;,
&quot;name&quot;: &quot;Jim Doe&quot;,
&quot;networks&quot;: [
{
&quot;access&quot;: &quot;full&quot;,
&quot;id&quot;: &quot;N_624874448297677946&quot;
}
],
&quot;org_access&quot;: &quot;none&quot;,
&quot;tags&quot;: [],
&quot;two_factor_auth_enabled&quot;: false
},
&quot;response&quot;: &quot;OK (unknown bytes)&quot;,
&quot;status&quot;: 200
}</system-out>
		</testcase>
		<testcase classname="/root/ansible/ansible_collections/cisco/meraki/tests/output/.tmp/integration/meraki_admin-6vxw852a-ÅÑŚÌβŁÈ/tests/integration/targets/meraki_admin/tasks/main.yml:268" name="[localhost] meraki: meraki_admin : assert that=['update_network.changed == true', 'update_network.data.networks.0.access == &quot;full&quot;', 'update_network.data.networks | length == 1']" time="0.489132">
			<system-out>{
    &quot;changed&quot;: false,
    &quot;msg&quot;: &quot;All assertions passed&quot;
}</system-out>
		</testcase>
		<testcase classname="/root/ansible/ansible_collections/cisco/meraki/tests/output/.tmp/integration/meraki_admin-6vxw852a-ÅÑŚÌβŁÈ/tests/integration/targets/meraki_admin/tasks/main.yml:274" name="[localhost] meraki: meraki_admin : Update administrator for idempotency check with check mode auth_key={{auth_key}}, state=present, org_name={{test_org_name}}, name=Jim Doe, email={{email_prefix}}+jimdoe@{{email_domain}}, orgAccess=none, networks=[{'network': 'TestNet', 'access': 'full'}]" time="4.241497">
			<system-out>{
&quot;changed&quot;: false,
&quot;data&quot;: {
&quot;email&quot;: &quot;meraki+jimdoe@kevinbreit.net&quot;,
&quot;name&quot;: &quot;Jim Doe&quot;,
&quot;networks&quot;: [
{
&quot;access&quot;: &quot;full&quot;,
&quot;id&quot;: &quot;N_624874448297677946&quot;
}
],
&quot;org_access&quot;: &quot;none&quot;,
&quot;tags&quot;: []
},
&quot;response&quot;: &quot;OK (unknown bytes)&quot;,
&quot;status&quot;: 200
}</system-out>
		</testcase>
		<testcase classname="/root/ansible/ansible_collections/cisco/meraki/tests/output/.tmp/integration/meraki_admin-6vxw852a-ÅÑŚÌβŁÈ/tests/integration/targets/meraki_admin/tasks/main.yml:289" name="[localhost] meraki: meraki_admin : debug var=update_network_idempotent_check" time="0.404557">
			<system-out>{
    &quot;changed&quot;: false,
    &quot;update_network_idempotent_check&quot;: {
        &quot;changed&quot;: false,
        &quot;data&quot;: {
            &quot;email&quot;: &quot;meraki+jimdoe@kevinbreit.net&quot;,
            &quot;name&quot;: &quot;Jim Doe&quot;,
            &quot;networks&quot;: [
                {
                    &quot;access&quot;: &quot;full&quot;,
                    &quot;id&quot;: &quot;N_624874448297677946&quot;
                }
            ],
            &quot;org_access&quot;: &quot;none&quot;,
            &quot;tags&quot;: []
        },
        &quot;failed&quot;: false,
        &quot;response&quot;: &quot;OK (unknown bytes)&quot;,
        &quot;status&quot;: 200
    }
}</system-out>
		</testcase>
		<testcase classname="/root/ansible/ansible_collections/cisco/meraki/tests/output/.tmp/integration/meraki_admin-6vxw852a-ÅÑŚÌβŁÈ/tests/integration/targets/meraki_admin/tasks/main.yml:292" name="[localhost] meraki: meraki_admin : assert that=['update_network_idempotent_check is not changed']" time="0.349823">
			<system-out>{
    &quot;changed&quot;: false,
    &quot;msg&quot;: &quot;All assertions passed&quot;
}</system-out>
		</testcase>
		<testcase classname="/root/ansible/ansible_collections/cisco/meraki/tests/output/.tmp/integration/meraki_admin-6vxw852a-ÅÑŚÌβŁÈ/tests/integration/targets/meraki_admin/tasks/main.yml:296" name="[localhost] meraki: meraki_admin : Update administrator for idempotency auth_key={{auth_key}}, state=present, org_name={{test_org_name}}, name=Jim Doe, email={{email_prefix}}+jimdoe@{{email_domain}}, orgAccess=none, networks=[{'network': 'TestNet', 'access': 'full'}]" time="4.207863">
			<system-out>{
&quot;changed&quot;: false,
&quot;data&quot;: {
&quot;account_status&quot;: &quot;unverified&quot;,
&quot;email&quot;: &quot;meraki+jimdoe@kevinbreit.net&quot;,
&quot;has_api_key&quot;: false,
&quot;id&quot;: &quot;624874448297769325&quot;,
&quot;last_active&quot;: &quot;&quot;,
&quot;name&quot;: &quot;Jim Doe&quot;,
&quot;networks&quot;: [
{
&quot;access&quot;: &quot;full&quot;,
&quot;id&quot;: &quot;N_624874448297677946&quot;
}
],
&quot;org_access&quot;: &quot;none&quot;,
&quot;tags&quot;: [],
&quot;two_factor_auth_enabled&quot;: false
},
&quot;response&quot;: &quot;OK (unknown bytes)&quot;,
&quot;status&quot;: 200
}</system-out>
		</testcase>
		<testcase classname="/root/ansible/ansible_collections/cisco/meraki/tests/output/.tmp/integration/meraki_admin-6vxw852a-ÅÑŚÌβŁÈ/tests/integration/targets/meraki_admin/tasks/main.yml:310" name="[localhost] meraki: meraki_admin : assert that=['update_network_idempotent.changed == false', 'update_network_idempotent.data is defined']" time="0.384781">
			<system-out>{
    &quot;changed&quot;: false,
    &quot;msg&quot;: &quot;All assertions passed&quot;
}</system-out>
		</testcase>
		<testcase classname="/root/ansible/ansible_collections/cisco/meraki/tests/output/.tmp/integration/meraki_admin-6vxw852a-ÅÑŚÌβŁÈ/tests/integration/targets/meraki_admin/tasks/main.yml:315" name="[localhost] meraki: meraki_admin : Create administrator with invalid network auth_key={{auth_key}}, state=present, org_name={{test_org_name}}, name=John Doe, email={{email_prefix}}+John@{{email_domain}}, orgAccess=none, networks=[{'network': 'TestNet', 'access': 'read-only'}]" time="4.500654">
			<system-out>{
&quot;changed&quot;: true,
&quot;data&quot;: {
&quot;account_status&quot;: &quot;unverified&quot;,
&quot;email&quot;: &quot;meraki+john@kevinbreit.net&quot;,
&quot;has_api_key&quot;: false,
&quot;id&quot;: &quot;624874448297769326&quot;,
&quot;last_active&quot;: &quot;&quot;,
&quot;name&quot;: &quot;John Doe&quot;,
&quot;networks&quot;: [
{
&quot;access&quot;: &quot;read-only&quot;,
&quot;id&quot;: &quot;N_624874448297677946&quot;
}
],
&quot;org_access&quot;: &quot;none&quot;,
&quot;tags&quot;: [],
&quot;two_factor_auth_enabled&quot;: false
},
&quot;response&quot;: &quot;OK (unknown bytes)&quot;,
&quot;status&quot;: 201
}</system-out>
		</testcase>
		<testcase classname="/root/ansible/ansible_collections/cisco/meraki/tests/output/.tmp/integration/meraki_admin-6vxw852a-ÅÑŚÌβŁÈ/tests/integration/targets/meraki_admin/tasks/main.yml:330" name="[localhost] meraki: meraki_admin : assert that=['&quot;No network found with the name&quot; in create_network_invalid.msg']" time="0.399893">
			<failure message="The conditional check '&quot;No network found with the name&quot; in create_network_invalid.msg' failed. The error was: error while evaluating conditional (&quot;No network found with the name&quot; in create_network_invalid.msg): Unable to look up a name or access an attribute in template string ({% if &quot;No network found with the name&quot; in create_network_invalid.msg %} True {% else %} False {% endif %}).
Make sure your variable name does not contain invalid characters like '-': argument of type 'AnsibleUndefined' is not iterable" type="failure">{
&quot;msg&quot;: &quot;The conditional check '\&quot;No network found with the name\&quot; in create_network_invalid.msg' failed. The error was: error while evaluating conditional (\&quot;No network found with the name\&quot; in create_network_invalid.msg): Unable to look up a name or access an attribute in template string ({% if \&quot;No network found with the name\&quot; in create_network_invalid.msg %} True {% else %} False {% endif %}).\nMake sure your variable name does not contain invalid characters like '-': argument of type 'AnsibleUndefined' is not iterable&quot;
}</failure>
		</testcase>
		<testcase classname="/root/ansible/ansible_collections/cisco/meraki/tests/output/.tmp/integration/meraki_admin-6vxw852a-ÅÑŚÌβŁÈ/tests/integration/targets/meraki_admin/tasks/main.yml:375" name="[localhost] meraki: meraki_admin : Delete administrators auth_key={{auth_key}}, state=absent, org_name={{test_org_name}}, email={{item}}" time="7.109327">
			<system-out>{
&quot;changed&quot;: true,
&quot;msg&quot;: &quot;All items completed&quot;,
&quot;results&quot;: [
{
&quot;ansible_loop_var&quot;: &quot;item&quot;,
&quot;changed&quot;: true,
&quot;data&quot;: null,
&quot;failed&quot;: false,
&quot;invocation&quot;: {
&quot;module_args&quot;: {
&quot;auth_key&quot;: &quot;VALUE_SPECIFIED_IN_NO_LOG_PARAMETER&quot;,
&quot;email&quot;: &quot;meraki+janedoe@kevinbreit.net&quot;,
&quot;follow_redirects&quot;: &quot;all&quot;,
&quot;host&quot;: &quot;api.meraki.com&quot;,
&quot;internal_error_retry_time&quot;: 60,
&quot;name&quot;: null,
&quot;networks&quot;: null,
&quot;org_access&quot;: null,
&quot;org_id&quot;: null,
&quot;org_name&quot;: &quot;kbreit@insight.com&quot;,
&quot;output_format&quot;: &quot;snakecase&quot;,
&quot;output_level&quot;: &quot;normal&quot;,
&quot;protocol&quot;: &quot;https&quot;,
&quot;rate_limit_retry_time&quot;: 165,
&quot;state&quot;: &quot;absent&quot;,
&quot;tags&quot;: null,
&quot;timeout&quot;: 30,
&quot;use_https&quot;: true,
&quot;use_proxy&quot;: false,
&quot;validate_certs&quot;: true
}
},
&quot;item&quot;: &quot;meraki+janedoe@kevinbreit.net&quot;,
&quot;response&quot;: &quot;OK (unknown bytes)&quot;,
&quot;status&quot;: 204
},
{
&quot;ansible_loop_var&quot;: &quot;item&quot;,
&quot;changed&quot;: true,
&quot;data&quot;: null,
&quot;failed&quot;: false,
&quot;invocation&quot;: {
&quot;module_args&quot;: {
&quot;auth_key&quot;: &quot;VALUE_SPECIFIED_IN_NO_LOG_PARAMETER&quot;,
&quot;email&quot;: &quot;meraki+johndoe@kevinbreit.net&quot;,
&quot;follow_redirects&quot;: &quot;all&quot;,
&quot;host&quot;: &quot;api.meraki.com&quot;,
&quot;internal_error_retry_time&quot;: 60,
&quot;name&quot;: null,
&quot;networks&quot;: null,
&quot;org_access&quot;: null,
&quot;org_id&quot;: null,
&quot;org_name&quot;: &quot;kbreit@insight.com&quot;,
&quot;output_format&quot;: &quot;snakecase&quot;,
&quot;output_level&quot;: &quot;normal&quot;,
&quot;protocol&quot;: &quot;https&quot;,
&quot;rate_limit_retry_time&quot;: 165,
&quot;state&quot;: &quot;absent&quot;,
&quot;tags&quot;: null,
&quot;timeout&quot;: 30,
&quot;use_https&quot;: true,
&quot;use_proxy&quot;: false,
&quot;validate_certs&quot;: true
}
},
&quot;item&quot;: &quot;meraki+johndoe@kevinbreit.net&quot;,
&quot;response&quot;: &quot;OK (unknown bytes)&quot;,
&quot;status&quot;: 204
},
{
&quot;ansible_loop_var&quot;: &quot;item&quot;,
&quot;changed&quot;: true,
&quot;data&quot;: null,
&quot;failed&quot;: false,
&quot;invocation&quot;: {
&quot;module_args&quot;: {
&quot;auth_key&quot;: &quot;VALUE_SPECIFIED_IN_NO_LOG_PARAMETER&quot;,
&quot;email&quot;: &quot;meraki+jimdoe@kevinbreit.net&quot;,
&quot;follow_redirects&quot;: &quot;all&quot;,
&quot;host&quot;: &quot;api.meraki.com&quot;,
&quot;internal_error_retry_time&quot;: 60,
&quot;name&quot;: null,
&quot;networks&quot;: null,
&quot;org_access&quot;: null,
&quot;org_id&quot;: null,
&quot;org_name&quot;: &quot;kbreit@insight.com&quot;,
&quot;output_format&quot;: &quot;snakecase&quot;,
&quot;output_level&quot;: &quot;normal&quot;,
&quot;protocol&quot;: &quot;https&quot;,
&quot;rate_limit_retry_time&quot;: 165,
&quot;state&quot;: &quot;absent&quot;,
&quot;tags&quot;: null,
&quot;timeout&quot;: 30,
&quot;use_https&quot;: true,
&quot;use_proxy&quot;: false,
&quot;validate_certs&quot;: true
}
},
&quot;item&quot;: &quot;meraki+jimdoe@kevinbreit.net&quot;,
&quot;response&quot;: &quot;OK (unknown bytes)&quot;,
&quot;status&quot;: 204
}
]
}</system-out>
		</testcase>
		<testcase classname="/root/ansible/ansible_collections/cisco/meraki/tests/output/.tmp/integration/meraki_admin-6vxw852a-ÅÑŚÌβŁÈ/tests/integration/targets/meraki_admin/tasks/main.yml:389" name="[localhost] meraki: meraki_admin : Query all administrators auth_key={{auth_key}}, state=query, org_name={{test_org_name}}" time="1.632990">
			<system-out>{
&quot;changed&quot;: false,
&quot;data&quot;: [
{
&quot;account_status&quot;: &quot;ok&quot;,
&quot;email&quot;: &quot;kbreit@insight.com&quot;,
&quot;has_api_key&quot;: true,
&quot;id&quot;: &quot;315782&quot;,
&quot;last_active&quot;: 1577287131,
&quot;name&quot;: &quot;Kevin Breit&quot;,
&quot;networks&quot;: [],
&quot;org_access&quot;: &quot;full&quot;,
&quot;tags&quot;: [],
&quot;two_factor_auth_enabled&quot;: false
},
{
&quot;account_status&quot;: &quot;unverified&quot;,
&quot;email&quot;: &quot;meraki+john@kevinbreit.net&quot;,
&quot;has_api_key&quot;: false,
&quot;id&quot;: &quot;624874448297769326&quot;,
&quot;last_active&quot;: &quot;&quot;,
&quot;name&quot;: &quot;John Doe&quot;,
&quot;networks&quot;: [
{
&quot;access&quot;: &quot;read-only&quot;,
&quot;id&quot;: &quot;N_624874448297677946&quot;
}
],
&quot;org_access&quot;: &quot;none&quot;,
&quot;tags&quot;: [],
&quot;two_factor_auth_enabled&quot;: false
}
],
&quot;response&quot;: &quot;OK (unknown bytes)&quot;,
&quot;status&quot;: 200
}</system-out>
		</testcase>
		<testcase classname="/root/ansible/ansible_collections/cisco/meraki/tests/output/.tmp/integration/meraki_admin-6vxw852a-ÅÑŚÌβŁÈ/tests/integration/targets/meraki_admin/tasks/main.yml:397" name="[localhost] meraki: meraki_admin : assert that=['query_all_deleted.data | length == 1']" time="0.020036">
			<failure message="Assertion failed" type="failure">{
    &quot;assertion&quot;: &quot;query_all_deleted.data | length == 1&quot;,
    &quot;changed&quot;: false,
    &quot;evaluated_to&quot;: false,
    &quot;msg&quot;: &quot;Assertion failed&quot;
}</failure>
		</testcase>
	</testsuite>
</testsuites>
