<?xml version="1.0" ?>
<testsuites disabled="0" errors="0" failures="0" tests="2" time="4.819701194763184">
	<testsuite disabled="0" errors="0" failures="0" name="meraki_mx_l3_firewall-xtos2b8f" skipped="1" tests="2" time="4.819701194763184">
		<testcase classname="/root/ansible/ansible_collections/cisco/meraki/tests/output/.tmp/integration/meraki_mx_l3_firewall-4_l5lapm-ÅÑŚÌβŁÈ/tests/integration/targets/meraki_mx_l3_firewall/tasks/main.yml:7" name="[localhost] meraki: meraki_mx_l3_firewall : Test an API key is provided msg=Please define an API key" time="0.360990">
			<skipped message="Conditional result was False" type="skipped"/>
		</testcase>
		<testcase classname="/root/ansible/ansible_collections/cisco/meraki/tests/output/.tmp/integration/meraki_mx_l3_firewall-4_l5lapm-ÅÑŚÌβŁÈ/tests/integration/targets/meraki_mx_l3_firewall/tasks/main.yml:12" name="[localhost] meraki: meraki_mx_l3_firewall : Create network auth_key={{ auth_key }}, org_name={{test_org_name}}, net_name=TestNetAppliance, state=present, type=appliance" time="4.458711">
			<system-out>{
&quot;ansible_facts&quot;: {
&quot;discovered_interpreter_python&quot;: &quot;/usr/bin/python&quot;
},
&quot;changed&quot;: true,
&quot;data&quot;: {
&quot;disable_my_meraki_com&quot;: false,
&quot;disable_remote_status_page&quot;: true,
&quot;enrollment_string&quot;: null,
&quot;id&quot;: &quot;N_624874448297682601&quot;,
&quot;name&quot;: &quot;TestNetAppliance&quot;,
&quot;organization_id&quot;: &quot;133277&quot;,
&quot;product_types&quot;: [
&quot;appliance&quot;
],
&quot;tags&quot;: &quot;&quot;,
&quot;time_zone&quot;: &quot;America/Los_Angeles&quot;,
&quot;type&quot;: &quot;appliance&quot;
},
&quot;deprecations&quot;: [
{
&quot;msg&quot;: &quot;Distribution Ubuntu 18.04 on host localhost should use /usr/bin/python3, but is using /usr/bin/python for backward compatibility with prior Ansible releases. A future Ansible release will default to using the discovered platform python for this host. See https://docs.ansible.com/ansible/2.9/reference_appendices/interpreter_discovery.html for more information&quot;,
&quot;version&quot;: &quot;2.12&quot;
}
],
&quot;response&quot;: &quot;OK (unknown bytes)&quot;,
&quot;status&quot;: 201
}</system-out>
		</testcase>
	</testsuite>
</testsuites>
