<?xml version="1.0" ?>
<testsuites disabled="0" errors="0" failures="1" tests="12" time="32.93450713157654">
	<testsuite disabled="0" errors="0" failures="1" name="meraki_static_route-tn3l6871" skipped="0" tests="12" time="32.93450713157654">
		<testcase classname="/root/ansible/ansible_collections/cisco/meraki/tests/output/.tmp/integration/meraki_static_route-dmo73rgh-ÅÑŚÌβŁÈ/tests/integration/targets/meraki_static_route/tasks/main.yml:7" name="[localhost] meraki: meraki_static_route : Create appliance network auth_key={{ auth_key }}, state=present, org_name={{test_org_name}}, net_name=IntTestNetwork, timezone=America/Chicago, type=appliance" time="4.949981">
			<system-out>{
&quot;ansible_facts&quot;: {
&quot;discovered_interpreter_python&quot;: &quot;/usr/bin/python&quot;
},
&quot;changed&quot;: true,
&quot;data&quot;: {
&quot;disable_my_meraki_com&quot;: false,
&quot;disable_remote_status_page&quot;: true,
&quot;enrollment_string&quot;: null,
&quot;id&quot;: &quot;N_624874448297683310&quot;,
&quot;name&quot;: &quot;IntTestNetwork&quot;,
&quot;organization_id&quot;: &quot;133277&quot;,
&quot;product_types&quot;: [
&quot;appliance&quot;
],
&quot;tags&quot;: &quot;&quot;,
&quot;time_zone&quot;: &quot;America/Chicago&quot;,
&quot;type&quot;: &quot;appliance&quot;
},
&quot;deprecations&quot;: [
{
&quot;msg&quot;: &quot;Distribution Ubuntu 18.04 on host localhost should use /usr/bin/python3, but is using /usr/bin/python for backward compatibility with prior Ansible releases. A future Ansible release will default to using the discovered platform python for this host. See https://docs.ansible.com/ansible/2.9/reference_appendices/interpreter_discovery.html for more information&quot;,
&quot;version&quot;: &quot;2.12&quot;
}
],
&quot;response&quot;: &quot;OK (unknown bytes)&quot;,
&quot;status&quot;: 201
}</system-out>
		</testcase>
		<testcase classname="/root/ansible/ansible_collections/cisco/meraki/tests/output/.tmp/integration/meraki_static_route-dmo73rgh-ÅÑŚÌβŁÈ/tests/integration/targets/meraki_static_route/tasks/main.yml:18" name="[localhost] meraki: meraki_static_route : set_fact net_id={{net.data.id}}" time="0.500908">
			<system-out>{
&quot;ansible_facts&quot;: {
&quot;net_id&quot;: &quot;N_624874448297683310&quot;
},
&quot;changed&quot;: false
}</system-out>
		</testcase>
		<testcase classname="/root/ansible/ansible_collections/cisco/meraki/tests/output/.tmp/integration/meraki_static_route-dmo73rgh-ÅÑŚÌβŁÈ/tests/integration/targets/meraki_static_route/tasks/main.yml:21" name="[localhost] meraki: meraki_static_route : Initialize static route id list route_ids=[]" time="0.017120">
			<system-out>{
&quot;ansible_facts&quot;: {
&quot;route_ids&quot;: []
},
&quot;changed&quot;: false
}</system-out>
		</testcase>
		<testcase classname="/root/ansible/ansible_collections/cisco/meraki/tests/output/.tmp/integration/meraki_static_route-dmo73rgh-ÅÑŚÌβŁÈ/tests/integration/targets/meraki_static_route/tasks/main.yml:25" name="[localhost] meraki: meraki_static_route : Create static_route auth_key={{auth_key}}, state=present, org_name={{test_org_name}}, net_name=IntTestNetwork, name=Test Route, subnet=192.0.1.0/24, gateway_ip=192.168.128.1" time="7.022207">
			<system-out>{
&quot;changed&quot;: true,
&quot;data&quot;: {
&quot;enabled&quot;: true,
&quot;fixed_ip_assignments&quot;: {},
&quot;gateway_ip&quot;: &quot;192.168.128.1&quot;,
&quot;id&quot;: &quot;70faa9a0-4d86-4acb-808a-45df76aba4bf&quot;,
&quot;name&quot;: &quot;Test Route&quot;,
&quot;network_id&quot;: &quot;N_624874448297683310&quot;,
&quot;reserved_ip_ranges&quot;: [],
&quot;subnet&quot;: &quot;192.0.1.0/24&quot;
},
&quot;response&quot;: &quot;OK (unknown bytes)&quot;,
&quot;status&quot;: 201
}</system-out>
		</testcase>
		<testcase classname="/root/ansible/ansible_collections/cisco/meraki/tests/output/.tmp/integration/meraki_static_route-dmo73rgh-ÅÑŚÌβŁÈ/tests/integration/targets/meraki_static_route/tasks/main.yml:37" name="[localhost] meraki: meraki_static_route : set_fact route_ids={{ route_ids + [create_route.data.id] }}" time="0.536852">
			<system-out>{
&quot;ansible_facts&quot;: {
&quot;route_ids&quot;: [
&quot;70faa9a0-4d86-4acb-808a-45df76aba4bf&quot;
]
},
&quot;changed&quot;: false
}</system-out>
		</testcase>
		<testcase classname="/root/ansible/ansible_collections/cisco/meraki/tests/output/.tmp/integration/meraki_static_route-dmo73rgh-ÅÑŚÌβŁÈ/tests/integration/targets/meraki_static_route/tasks/main.yml:40" name="[localhost] meraki: meraki_static_route : Create static_route with idempotency auth_key={{auth_key}}, state=present, org_name={{test_org_name}}, net_name=IntTestNetwork, name=Test Route, subnet=192.0.1.0/24, gateway_ip=192.168.128.1" time="4.708993">
			<system-out>{
&quot;changed&quot;: false,
&quot;data&quot;: {
&quot;enabled&quot;: true,
&quot;fixed_ip_assignments&quot;: {},
&quot;gateway_ip&quot;: &quot;192.168.128.1&quot;,
&quot;id&quot;: &quot;70faa9a0-4d86-4acb-808a-45df76aba4bf&quot;,
&quot;name&quot;: &quot;Test Route&quot;,
&quot;network_id&quot;: &quot;N_624874448297683310&quot;,
&quot;reserved_ip_ranges&quot;: [],
&quot;subnet&quot;: &quot;192.0.1.0/24&quot;
},
&quot;response&quot;: &quot;OK (unknown bytes)&quot;,
&quot;status&quot;: 200
}</system-out>
		</testcase>
		<testcase classname="/root/ansible/ansible_collections/cisco/meraki/tests/output/.tmp/integration/meraki_static_route-dmo73rgh-ÅÑŚÌβŁÈ/tests/integration/targets/meraki_static_route/tasks/main.yml:52" name="[localhost] meraki: meraki_static_route : assert that=['create_route_idempotent is not changed']" time="0.393172">
			<system-out>{
    &quot;changed&quot;: false,
    &quot;msg&quot;: &quot;All assertions passed&quot;
}</system-out>
		</testcase>
		<testcase classname="/root/ansible/ansible_collections/cisco/meraki/tests/output/.tmp/integration/meraki_static_route-dmo73rgh-ÅÑŚÌβŁÈ/tests/integration/targets/meraki_static_route/tasks/main.yml:56" name="[localhost] meraki: meraki_static_route : Create second static_route auth_key={{auth_key}}, state=present, org_name={{test_org_name}}, net_name=IntTestNetwork, name=Test Route 2, subnet=192.0.2.0/24, gateway_ip=192.168.128.1" time="4.604885">
			<system-out>{
&quot;changed&quot;: true,
&quot;data&quot;: {
&quot;enabled&quot;: true,
&quot;fixed_ip_assignments&quot;: {},
&quot;gateway_ip&quot;: &quot;192.168.128.1&quot;,
&quot;id&quot;: &quot;18116823-e5d9-4845-b0e4-2dacac98c464&quot;,
&quot;name&quot;: &quot;Test Route 2&quot;,
&quot;network_id&quot;: &quot;N_624874448297683310&quot;,
&quot;reserved_ip_ranges&quot;: [],
&quot;subnet&quot;: &quot;192.0.2.0/24&quot;
},
&quot;response&quot;: &quot;OK (unknown bytes)&quot;,
&quot;status&quot;: 201
}</system-out>
		</testcase>
		<testcase classname="/root/ansible/ansible_collections/cisco/meraki/tests/output/.tmp/integration/meraki_static_route-dmo73rgh-ÅÑŚÌβŁÈ/tests/integration/targets/meraki_static_route/tasks/main.yml:68" name="[localhost] meraki: meraki_static_route : set_fact route_ids={{ route_ids + [second_create.data.id] }}" time="0.368155">
			<system-out>{
&quot;ansible_facts&quot;: {
&quot;route_ids&quot;: [
&quot;70faa9a0-4d86-4acb-808a-45df76aba4bf&quot;,
&quot;18116823-e5d9-4845-b0e4-2dacac98c464&quot;
]
},
&quot;changed&quot;: false
}</system-out>
		</testcase>
		<testcase classname="/root/ansible/ansible_collections/cisco/meraki/tests/output/.tmp/integration/meraki_static_route-dmo73rgh-ÅÑŚÌβŁÈ/tests/integration/targets/meraki_static_route/tasks/main.yml:71" name="[localhost] meraki: meraki_static_route : assert that=['create_route.changed == True', 'create_route.data.id is defined']" time="0.360561">
			<system-out>{
    &quot;changed&quot;: false,
    &quot;msg&quot;: &quot;All assertions passed&quot;
}</system-out>
		</testcase>
		<testcase classname="/root/ansible/ansible_collections/cisco/meraki/tests/output/.tmp/integration/meraki_static_route-dmo73rgh-ÅÑŚÌβŁÈ/tests/integration/targets/meraki_static_route/tasks/main.yml:76" name="[localhost] meraki: meraki_static_route : Update static route auth_key={{auth_key}}, state=present, org_name={{test_org_name}}, net_name=IntTestNetwork, route_id={{create_route.data.id}}, subnet=192.0.3.0/24, enabled=True" time="4.629314">
			<failure message="HTTP error 400 - https://api.meraki.com/api/v0/networks/N_624874448297683310/staticRoutes/70faa9a0-4d86-4acb-808a-45df76aba4bf - [&quot;'name' must be a string&quot;]" type="failure">{
&quot;body&quot;: {
&quot;errors&quot;: [
&quot;'name' must be a string&quot;
]
},
&quot;changed&quot;: false,
&quot;msg&quot;: &quot;HTTP error 400 - https://api.meraki.com/api/v0/networks/N_624874448297683310/staticRoutes/70faa9a0-4d86-4acb-808a-45df76aba4bf - [\&quot;'name' must be a string\&quot;]&quot;,
&quot;response&quot;: &quot;HTTP Error 400: Bad Request&quot;,
&quot;status&quot;: 400
}</failure>
		</testcase>
		<testcase classname="/root/ansible/ansible_collections/cisco/meraki/tests/output/.tmp/integration/meraki_static_route-dmo73rgh-ÅÑŚÌβŁÈ/tests/integration/targets/meraki_static_route/tasks/main.yml:180" name="[localhost] meraki: meraki_static_route : Delete appliance network auth_key={{ auth_key }}, state=absent, org_name={{test_org_name}}, net_name=IntTestNetwork" time="4.842359">
			<system-out>{
&quot;changed&quot;: true,
&quot;response&quot;: &quot;OK (unknown bytes)&quot;,
&quot;status&quot;: 204
}</system-out>
		</testcase>
	</testsuite>
</testsuites>
