<?xml version="1.0" ?>
<testsuites disabled="0" errors="0" failures="2" tests="8" time="11.524210214614868">
	<testsuite disabled="0" errors="0" failures="2" name="meraki_ssid-sqf5lyr_" skipped="3" tests="8" time="11.524210214614868">
		<testcase classname="/root/ansible/ansible_collections/cisco/meraki/tests/output/.tmp/integration/meraki_ssid-bqd34ig3-ÅÑŚÌβŁÈ/tests/integration/targets/meraki_ssid/tasks/main.yml:7" name="[localhost] meraki: meraki_ssid : Test an API key is provided msg=Please define an API key" time="0.384640">
			<skipped message="Conditional result was False" type="skipped"/>
		</testcase>
		<testcase classname="/root/ansible/ansible_collections/cisco/meraki/tests/output/.tmp/integration/meraki_ssid-bqd34ig3-ÅÑŚÌβŁÈ/tests/integration/targets/meraki_ssid/tasks/main.yml:12" name="[localhost] meraki: meraki_ssid : Create test network auth_key={{auth_key}}, state=present, org_name={{test_org_name}}, net_name=TestNetSSID, type=wireless" time="4.843726">
			<system-out>{
&quot;ansible_facts&quot;: {
&quot;discovered_interpreter_python&quot;: &quot;/usr/bin/python&quot;
},
&quot;changed&quot;: true,
&quot;data&quot;: {
&quot;disable_my_meraki_com&quot;: false,
&quot;disable_remote_status_page&quot;: true,
&quot;enrollment_string&quot;: null,
&quot;id&quot;: &quot;N_624874448297682673&quot;,
&quot;name&quot;: &quot;TestNetSSID&quot;,
&quot;organization_id&quot;: &quot;133277&quot;,
&quot;product_types&quot;: [
&quot;wireless&quot;
],
&quot;tags&quot;: &quot;&quot;,
&quot;time_zone&quot;: &quot;America/Los_Angeles&quot;,
&quot;type&quot;: &quot;wireless&quot;
},
&quot;deprecations&quot;: [
{
&quot;msg&quot;: &quot;Distribution Ubuntu 18.04 on host localhost should use /usr/bin/python3, but is using /usr/bin/python for backward compatibility with prior Ansible releases. A future Ansible release will default to using the discovered platform python for this host. See https://docs.ansible.com/ansible/2.9/reference_appendices/interpreter_discovery.html for more information&quot;,
&quot;version&quot;: &quot;2.12&quot;
}
],
&quot;response&quot;: &quot;OK (unknown bytes)&quot;,
&quot;status&quot;: 201
}</system-out>
		</testcase>
		<testcase classname="/root/ansible/ansible_collections/cisco/meraki/tests/output/.tmp/integration/meraki_ssid-bqd34ig3-ÅÑŚÌβŁÈ/tests/integration/targets/meraki_ssid/tasks/main.yml:21" name="[localhost] meraki: meraki_ssid : debug msg={{test_net}}" time="0.345840">
			<system-out>{
    &quot;changed&quot;: false,
    &quot;msg&quot;: {
        &quot;ansible_facts&quot;: {
            &quot;discovered_interpreter_python&quot;: &quot;/usr/bin/python&quot;
        },
        &quot;changed&quot;: true,
        &quot;data&quot;: {
            &quot;disable_my_meraki_com&quot;: false,
            &quot;disable_remote_status_page&quot;: true,
            &quot;enrollment_string&quot;: null,
            &quot;id&quot;: &quot;N_624874448297682673&quot;,
            &quot;name&quot;: &quot;TestNetSSID&quot;,
            &quot;organization_id&quot;: &quot;133277&quot;,
            &quot;product_types&quot;: [
                &quot;wireless&quot;
            ],
            &quot;tags&quot;: &quot;&quot;,
            &quot;time_zone&quot;: &quot;America/Los_Angeles&quot;,
            &quot;type&quot;: &quot;wireless&quot;
        },
        &quot;deprecations&quot;: [
            {
                &quot;msg&quot;: &quot;Distribution Ubuntu 18.04 on host localhost should use /usr/bin/python3, but is using /usr/bin/python for backward compatibility with prior Ansible releases. A future Ansible release will default to using the discovered platform python for this host. See https://docs.ansible.com/ansible/2.9/reference_appendices/interpreter_discovery.html for more information&quot;,
                &quot;version&quot;: &quot;2.12&quot;
            }
        ],
        &quot;failed&quot;: false,
        &quot;response&quot;: &quot;OK (unknown bytes)&quot;,
        &quot;status&quot;: 201
    }
}</system-out>
		</testcase>
		<testcase classname="/root/ansible/ansible_collections/cisco/meraki/tests/output/.tmp/integration/meraki_ssid-bqd34ig3-ÅÑŚÌβŁÈ/tests/integration/targets/meraki_ssid/tasks/main.yml:24" name="[localhost] meraki: meraki_ssid : Query all SSIDs auth_key={{auth_key}}, state=query, org_name={{test_org_name}}, net_name=TestNetSSID" time="4.156453">
			<system-out>{
&quot;changed&quot;: false,
&quot;data&quot;: [
{
&quot;auth_mode&quot;: &quot;open&quot;,
&quot;band_selection&quot;: &quot;Dual band operation&quot;,
&quot;enabled&quot;: true,
&quot;ip_assignment_mode&quot;: &quot;NAT mode&quot;,
&quot;min_bitrate&quot;: 11,
&quot;name&quot;: &quot;TestNetSSID WiFi&quot;,
&quot;number&quot;: 0,
&quot;per_client_bandwidth_limit_down&quot;: 0,
&quot;per_client_bandwidth_limit_up&quot;: 0,
&quot;splash_page&quot;: &quot;None&quot;,
&quot;ssid_admin_accessible&quot;: false
},
{
&quot;auth_mode&quot;: &quot;open&quot;,
&quot;band_selection&quot;: &quot;Dual band operation&quot;,
&quot;enabled&quot;: false,
&quot;ip_assignment_mode&quot;: &quot;NAT mode&quot;,
&quot;min_bitrate&quot;: 11,
&quot;name&quot;: &quot;Unconfigured SSID 2&quot;,
&quot;number&quot;: 1,
&quot;per_client_bandwidth_limit_down&quot;: 0,
&quot;per_client_bandwidth_limit_up&quot;: 0,
&quot;splash_page&quot;: &quot;None&quot;,
&quot;ssid_admin_accessible&quot;: false
},
{
&quot;auth_mode&quot;: &quot;open&quot;,
&quot;band_selection&quot;: &quot;Dual band operation&quot;,
&quot;enabled&quot;: false,
&quot;ip_assignment_mode&quot;: &quot;NAT mode&quot;,
&quot;min_bitrate&quot;: 11,
&quot;name&quot;: &quot;Unconfigured SSID 3&quot;,
&quot;number&quot;: 2,
&quot;per_client_bandwidth_limit_down&quot;: 0,
&quot;per_client_bandwidth_limit_up&quot;: 0,
&quot;splash_page&quot;: &quot;None&quot;,
&quot;ssid_admin_accessible&quot;: false
},
{
&quot;auth_mode&quot;: &quot;open&quot;,
&quot;band_selection&quot;: &quot;Dual band operation&quot;,
&quot;enabled&quot;: false,
&quot;ip_assignment_mode&quot;: &quot;NAT mode&quot;,
&quot;min_bitrate&quot;: 11,
&quot;name&quot;: &quot;Unconfigured SSID 4&quot;,
&quot;number&quot;: 3,
&quot;per_client_bandwidth_limit_down&quot;: 0,
&quot;per_client_bandwidth_limit_up&quot;: 0,
&quot;splash_page&quot;: &quot;None&quot;,
&quot;ssid_admin_accessible&quot;: false
},
{
&quot;auth_mode&quot;: &quot;open&quot;,
&quot;band_selection&quot;: &quot;Dual band operation&quot;,
&quot;enabled&quot;: false,
&quot;ip_assignment_mode&quot;: &quot;NAT mode&quot;,
&quot;min_bitrate&quot;: 11,
&quot;name&quot;: &quot;Unconfigured SSID 5&quot;,
&quot;number&quot;: 4,
&quot;per_client_bandwidth_limit_down&quot;: 0,
&quot;per_client_bandwidth_limit_up&quot;: 0,
&quot;splash_page&quot;: &quot;None&quot;,
&quot;ssid_admin_accessible&quot;: false
},
{
&quot;auth_mode&quot;: &quot;open&quot;,
&quot;band_selection&quot;: &quot;Dual band operation&quot;,
&quot;enabled&quot;: false,
&quot;ip_assignment_mode&quot;: &quot;NAT mode&quot;,
&quot;min_bitrate&quot;: 11,
&quot;name&quot;: &quot;Unconfigured SSID 6&quot;,
&quot;number&quot;: 5,
&quot;per_client_bandwidth_limit_down&quot;: 0,
&quot;per_client_bandwidth_limit_up&quot;: 0,
&quot;splash_page&quot;: &quot;None&quot;,
&quot;ssid_admin_accessible&quot;: false
},
{
&quot;auth_mode&quot;: &quot;open&quot;,
&quot;band_selection&quot;: &quot;Dual band operation&quot;,
&quot;enabled&quot;: false,
&quot;ip_assignment_mode&quot;: &quot;NAT mode&quot;,
&quot;min_bitrate&quot;: 11,
&quot;name&quot;: &quot;Unconfigured SSID 7&quot;,
&quot;number&quot;: 6,
&quot;per_client_bandwidth_limit_down&quot;: 0,
&quot;per_client_bandwidth_limit_up&quot;: 0,
&quot;splash_page&quot;: &quot;None&quot;,
&quot;ssid_admin_accessible&quot;: false
},
{
&quot;auth_mode&quot;: &quot;open&quot;,
&quot;band_selection&quot;: &quot;Dual band operation&quot;,
&quot;enabled&quot;: false,
&quot;ip_assignment_mode&quot;: &quot;NAT mode&quot;,
&quot;min_bitrate&quot;: 11,
&quot;name&quot;: &quot;Unconfigured SSID 8&quot;,
&quot;number&quot;: 7,
&quot;per_client_bandwidth_limit_down&quot;: 0,
&quot;per_client_bandwidth_limit_up&quot;: 0,
&quot;splash_page&quot;: &quot;None&quot;,
&quot;ssid_admin_accessible&quot;: false
},
{
&quot;auth_mode&quot;: &quot;open&quot;,
&quot;band_selection&quot;: &quot;Dual band operation&quot;,
&quot;enabled&quot;: false,
&quot;ip_assignment_mode&quot;: &quot;NAT mode&quot;,
&quot;min_bitrate&quot;: 11,
&quot;name&quot;: &quot;Unconfigured SSID 9&quot;,
&quot;number&quot;: 8,
&quot;per_client_bandwidth_limit_down&quot;: 0,
&quot;per_client_bandwidth_limit_up&quot;: 0,
&quot;splash_page&quot;: &quot;None&quot;,
&quot;ssid_admin_accessible&quot;: false
},
{
&quot;auth_mode&quot;: &quot;open&quot;,
&quot;band_selection&quot;: &quot;Dual band operation&quot;,
&quot;enabled&quot;: false,
&quot;ip_assignment_mode&quot;: &quot;NAT mode&quot;,
&quot;min_bitrate&quot;: 11,
&quot;name&quot;: &quot;Unconfigured SSID 10&quot;,
&quot;number&quot;: 9,
&quot;per_client_bandwidth_limit_down&quot;: 0,
&quot;per_client_bandwidth_limit_up&quot;: 0,
&quot;splash_page&quot;: &quot;None&quot;,
&quot;ssid_admin_accessible&quot;: false
},
{
&quot;auth_mode&quot;: &quot;open&quot;,
&quot;band_selection&quot;: &quot;Dual band operation&quot;,
&quot;enabled&quot;: false,
&quot;ip_assignment_mode&quot;: &quot;NAT mode&quot;,
&quot;min_bitrate&quot;: 11,
&quot;name&quot;: &quot;Unconfigured SSID 11&quot;,
&quot;number&quot;: 10,
&quot;per_client_bandwidth_limit_down&quot;: 0,
&quot;per_client_bandwidth_limit_up&quot;: 0,
&quot;splash_page&quot;: &quot;None&quot;,
&quot;ssid_admin_accessible&quot;: false
},
{
&quot;auth_mode&quot;: &quot;open&quot;,
&quot;band_selection&quot;: &quot;Dual band operation&quot;,
&quot;enabled&quot;: false,
&quot;ip_assignment_mode&quot;: &quot;NAT mode&quot;,
&quot;min_bitrate&quot;: 11,
&quot;name&quot;: &quot;Unconfigured SSID 12&quot;,
&quot;number&quot;: 11,
&quot;per_client_bandwidth_limit_down&quot;: 0,
&quot;per_client_bandwidth_limit_up&quot;: 0,
&quot;splash_page&quot;: &quot;None&quot;,
&quot;ssid_admin_accessible&quot;: false
},
{
&quot;auth_mode&quot;: &quot;open&quot;,
&quot;band_selection&quot;: &quot;Dual band operation&quot;,
&quot;enabled&quot;: false,
&quot;ip_assignment_mode&quot;: &quot;NAT mode&quot;,
&quot;min_bitrate&quot;: 11,
&quot;name&quot;: &quot;Unconfigured SSID 13&quot;,
&quot;number&quot;: 12,
&quot;per_client_bandwidth_limit_down&quot;: 0,
&quot;per_client_bandwidth_limit_up&quot;: 0,
&quot;splash_page&quot;: &quot;None&quot;,
&quot;ssid_admin_accessible&quot;: false
},
{
&quot;auth_mode&quot;: &quot;open&quot;,
&quot;band_selection&quot;: &quot;Dual band operation&quot;,
&quot;enabled&quot;: false,
&quot;ip_assignment_mode&quot;: &quot;NAT mode&quot;,
&quot;min_bitrate&quot;: 11,
&quot;name&quot;: &quot;Unconfigured SSID 14&quot;,
&quot;number&quot;: 13,
&quot;per_client_bandwidth_limit_down&quot;: 0,
&quot;per_client_bandwidth_limit_up&quot;: 0,
&quot;splash_page&quot;: &quot;None&quot;,
&quot;ssid_admin_accessible&quot;: false
},
{
&quot;auth_mode&quot;: &quot;open&quot;,
&quot;band_selection&quot;: &quot;Dual band operation&quot;,
&quot;enabled&quot;: false,
&quot;ip_assignment_mode&quot;: &quot;NAT mode&quot;,
&quot;min_bitrate&quot;: 11,
&quot;name&quot;: &quot;Unconfigured SSID 15&quot;,
&quot;number&quot;: 14,
&quot;per_client_bandwidth_limit_down&quot;: 0,
&quot;per_client_bandwidth_limit_up&quot;: 0,
&quot;splash_page&quot;: &quot;None&quot;,
&quot;ssid_admin_accessible&quot;: false
}
],
&quot;response&quot;: &quot;OK (unknown bytes)&quot;,
&quot;status&quot;: 200
}</system-out>
		</testcase>
		<testcase classname="/root/ansible/ansible_collections/cisco/meraki/tests/output/.tmp/integration/meraki_ssid-bqd34ig3-ÅÑŚÌβŁÈ/tests/integration/targets/meraki_ssid/tasks/main.yml:33" name="[localhost] meraki: meraki_ssid : Enable and name SSID with check mode auth_key={{auth_key}}, state=present, org_name={{test_org_name}}, net_name=TestNetSSID, name=AnsibleSSID, enabled=True" time="0.560470">
			<skipped message="skipped" type="skipped"/>
		</testcase>
		<testcase classname="/root/ansible/ansible_collections/cisco/meraki/tests/output/.tmp/integration/meraki_ssid-bqd34ig3-ÅÑŚÌβŁÈ/tests/integration/targets/meraki_ssid/tasks/main.yml:45" name="[localhost] meraki: meraki_ssid : assert that=['enable_name_ssid_check is changed', 'enable_name_ssid_check.data is defined']" time="0.339222">
			<failure message="Assertion failed" type="failure">{
    &quot;assertion&quot;: &quot;enable_name_ssid_check is changed&quot;,
    &quot;changed&quot;: false,
    &quot;evaluated_to&quot;: false,
    &quot;msg&quot;: &quot;Assertion failed&quot;
}</failure>
		</testcase>
		<testcase classname="/root/ansible/ansible_collections/cisco/meraki/tests/output/.tmp/integration/meraki_ssid-bqd34ig3-ÅÑŚÌβŁÈ/tests/integration/targets/meraki_ssid/tasks/main.yml:443" name="[localhost] meraki: meraki_ssid : Delete SSID with check mode auth_key={{auth_key}}, state=absent, org_name={{test_org_name}}, net_name=TestNetSSID, name=AnsibleSSID" time="0.556596">
			<skipped message="skipped" type="skipped"/>
		</testcase>
		<testcase classname="/root/ansible/ansible_collections/cisco/meraki/tests/output/.tmp/integration/meraki_ssid-bqd34ig3-ÅÑŚÌβŁÈ/tests/integration/targets/meraki_ssid/tasks/main.yml:454" name="[localhost] meraki: meraki_ssid : assert that=['delete_ssid_check is changed', 'delete_ssid_check.data is defined']" time="0.337265">
			<failure message="Assertion failed" type="failure">{
    &quot;assertion&quot;: &quot;delete_ssid_check is changed&quot;,
    &quot;changed&quot;: false,
    &quot;evaluated_to&quot;: false,
    &quot;msg&quot;: &quot;Assertion failed&quot;
}</failure>
		</testcase>
	</testsuite>
</testsuites>
