<?xml version="1.0" ?>
<testsuites disabled="0" errors="0" failures="2" tests="4" time="8.93095874786377">
	<testsuite disabled="0" errors="0" failures="2" name="meraki_ms_link_aggregation-ok4jm88h" skipped="1" tests="4" time="8.93095874786377">
		<testcase classname="/root/ansible/ansible_collections/cisco/meraki/tests/output/.tmp/integration/meraki_ms_link_aggregation-tph61tag-ÅÑŚÌβŁÈ/tests/integration/targets/meraki_ms_link_aggregation/tasks/main.yml:7" name="[localhost] meraki: meraki_ms_link_aggregation : Test an API key is provided msg=Please define an API key" time="0.624511">
			<skipped message="Conditional result was False" type="skipped"/>
		</testcase>
		<testcase classname="/root/ansible/ansible_collections/cisco/meraki/tests/output/.tmp/integration/meraki_ms_link_aggregation-tph61tag-ÅÑŚÌβŁÈ/tests/integration/targets/meraki_ms_link_aggregation/tasks/main.yml:12" name="[localhost] meraki: meraki_ms_link_aggregation : Create test network auth_key={{auth_key}}, state=present, org_name={{test_org_name}}, net_name={{test_switch_net_name}}, type=switch" time="3.531153">
			<system-out>{
&quot;ansible_facts&quot;: {
&quot;discovered_interpreter_python&quot;: &quot;/usr/bin/python&quot;
},
&quot;changed&quot;: false,
&quot;data&quot;: {
&quot;disable_my_meraki_com&quot;: false,
&quot;disable_remote_status_page&quot;: true,
&quot;id&quot;: &quot;N_624874448297683727&quot;,
&quot;name&quot;: &quot;Home - Switch&quot;,
&quot;organization_id&quot;: &quot;133277&quot;,
&quot;product_types&quot;: [
&quot;switch&quot;
],
&quot;tags&quot;: null,
&quot;time_zone&quot;: &quot;America/Los_Angeles&quot;,
&quot;type&quot;: &quot;switch&quot;
},
&quot;deprecations&quot;: [
{
&quot;msg&quot;: &quot;Distribution Ubuntu 18.04 on host localhost should use /usr/bin/python3, but is using /usr/bin/python for backward compatibility with prior Ansible releases. A future Ansible release will default to using the discovered platform python for this host. See https://docs.ansible.com/ansible/2.9/reference_appendices/interpreter_discovery.html for more information&quot;,
&quot;version&quot;: &quot;2.12&quot;
}
],
&quot;response&quot;: &quot;OK (unknown bytes)&quot;,
&quot;status&quot;: 200
}</system-out>
		</testcase>
		<testcase classname="/root/ansible/ansible_collections/cisco/meraki/tests/output/.tmp/integration/meraki_ms_link_aggregation-tph61tag-ÅÑŚÌβŁÈ/tests/integration/targets/meraki_ms_link_aggregation/tasks/main.yml:21" name="[localhost] meraki: meraki_ms_link_aggregation : Create LAG auth_key={{auth_key}}, state=present, org_name={{test_org_name}}, net_name={{test_switch_net_name}}, switch_ports=[{'serial': '{{serial_switch}}', 'port_id': '1'}, {'serial': '{{serial_switch}}', 'port_id': '2'}]" time="4.136149">
			<failure message="HTTP error 400 - https://api.meraki.com/api/v0/networks/N_624874448297683727/switch/linkAggregations - ['Port 1 is present in another aggregation group']" type="failure">{
&quot;body&quot;: {
&quot;errors&quot;: [
&quot;Port 1 is present in another aggregation group&quot;
]
},
&quot;changed&quot;: false,
&quot;msg&quot;: &quot;HTTP error 400 - https://api.meraki.com/api/v0/networks/N_624874448297683727/switch/linkAggregations - ['Port 1 is present in another aggregation group']&quot;,
&quot;response&quot;: &quot;HTTP Error 400: Bad Request&quot;,
&quot;status&quot;: 400
}</failure>
		</testcase>
		<testcase classname="/root/ansible/ansible_collections/cisco/meraki/tests/output/.tmp/integration/meraki_ms_link_aggregation-tph61tag-ÅÑŚÌβŁÈ/tests/integration/targets/meraki_ms_link_aggregation/tasks/main.yml:76" name="[localhost] meraki: meraki_ms_link_aggregation : Update LAG auth_key={{auth_key}}, state=absent, org_name={{test_org_name}}, net_name={{test_switch_net_name}}, lag_id={{lag_id}}" time="0.639145">
			<failure message="The task includes an option with an undefined variable. The error was: 'lag_id' is undefined

The error appears to be in '/root/ansible/ansible_collections/cisco/meraki/tests/output/.tmp/integration/meraki_ms_link_aggregation-tph61tag-ÅÑŚÌβŁÈ/tests/integration/targets/meraki_ms_link_aggregation/tasks/main.yml': line 76, column 5, but may
be elsewhere in the file depending on the exact syntax problem.

The offending line appears to be:

  always:
  - name: Update LAG
    ^ here
" type="failure">{
&quot;msg&quot;: &quot;The task includes an option with an undefined variable. The error was: 'lag_id' is undefined\n\nThe error appears to be in '/root/ansible/ansible_collections/cisco/meraki/tests/output/.tmp/integration/meraki_ms_link_aggregation-tph61tag-ÅÑŚÌβŁÈ/tests/integration/targets/meraki_ms_link_aggregation/tasks/main.yml': line 76, column 5, but may\nbe elsewhere in the file depending on the exact syntax problem.\n\nThe offending line appears to be:\n\n  always:\n  - name: Update LAG\n    ^ here\n&quot;
}</failure>
		</testcase>
	</testsuite>
</testsuites>
