<?xml version="1.0" ?>
<testsuites disabled="0" errors="0" failures="1" tests="2" time="4.6959569454193115">
	<testsuite disabled="0" errors="0" failures="1" name="meraki_mx_l3_firewall-l5vvhilk" skipped="1" tests="2" time="4.6959569454193115">
		<testcase classname="/root/ansible/ansible_collections/cisco/meraki/tests/output/.tmp/integration/meraki_mx_l3_firewall-9j41x4cz-ÅÑŚÌβŁÈ/tests/integration/targets/meraki_mx_l3_firewall/tasks/main.yml:7" name="[localhost] meraki: meraki_mx_l3_firewall : Test an API key is provided msg=Please define an API key" time="0.358888">
			<skipped message="Conditional result was False" type="skipped"/>
		</testcase>
		<testcase classname="/root/ansible/ansible_collections/cisco/meraki/tests/output/.tmp/integration/meraki_mx_l3_firewall-9j41x4cz-ÅÑŚÌβŁÈ/tests/integration/targets/meraki_mx_l3_firewall/tasks/main.yml:93" name="[localhost] meraki: meraki_mx_l3_firewall : Check for idempotency auth_key={{ auth_key }}, org_name={{test_org_name}}, net_name=TestNetAppliance, state=present, rules=[{'comment': 'Deny to documentation address', 'src_port': 'any', 'src_cidr': 'any', 'dest_port': '80,443', 'dest_cidr': '192.0.1.1/32', 'protocol': 'tcp', 'policy': 'deny'}]" time="4.337069">
			<failure message="Compare" type="failure">{
&quot;ansible_facts&quot;: {
&quot;discovered_interpreter_python&quot;: &quot;/usr/bin/python&quot;
},
&quot;changed&quot;: false,
&quot;deprecations&quot;: [
{
&quot;msg&quot;: &quot;Distribution Ubuntu 18.04 on host localhost should use /usr/bin/python3, but is using /usr/bin/python for backward compatibility with prior Ansible releases. A future Ansible release will default to using the discovered platform python for this host. See https://docs.ansible.com/ansible/2.9/reference_appendices/interpreter_discovery.html for more information&quot;,
&quot;version&quot;: &quot;2.12&quot;
}
],
&quot;msg&quot;: &quot;Compare&quot;,
&quot;original&quot;: {
&quot;comment&quot;: &quot;Deny to documentation address&quot;,
&quot;destCidr&quot;: &quot;192.0.1.1/32&quot;,
&quot;destPort&quot;: &quot;80,443&quot;,
&quot;policy&quot;: &quot;deny&quot;,
&quot;protocol&quot;: &quot;tcp&quot;,
&quot;srcCidr&quot;: &quot;Any&quot;,
&quot;srcPort&quot;: &quot;Any&quot;,
&quot;syslogEnabled&quot;: false
},
&quot;payload&quot;: {
&quot;comment&quot;: &quot;Deny to documentation address&quot;,
&quot;destCidr&quot;: &quot;192.0.1.1/32&quot;,
&quot;destPort&quot;: &quot;80,443&quot;,
&quot;policy&quot;: &quot;deny&quot;,
&quot;protocol&quot;: &quot;tcp&quot;,
&quot;srcCidr&quot;: &quot;any&quot;,
&quot;srcPort&quot;: &quot;any&quot;,
&quot;syslogEnabled&quot;: false
},
&quot;response&quot;: &quot;OK (unknown bytes)&quot;,
&quot;status&quot;: 200
}</failure>
		</testcase>
	</testsuite>
</testsuites>
