<?xml version="1.0" ?>
<testsuites disabled="0" errors="0" failures="1" tests="1" time="3.840237617492676">
	<testsuite disabled="0" errors="0" failures="1" name="meraki_switch_stack-lua_00_m" skipped="0" tests="1" time="3.840237617492676">
		<testcase classname="/root/ansible/ansible_collections/cisco/meraki/tests/output/.tmp/integration/meraki_switch_stack-kle0bufi-ÅÑŚÌβŁÈ/tests/integration/targets/meraki_switch_stack/tasks/main.yml:8" name="[localhost] meraki: meraki_switch_stack : Create new stack auth_key={{ auth_key }}, state=present, org_name={{test_org_name}}, net_name={{test_switch_net_name}}, name=Test stack, serials=['4c:c8:a1:09:00:63', '4c:c8:a1:09:00:1d']" time="3.840238">
			<failure message="{'serials': ['4c:c8:a1:09:00:63', '4c:c8:a1:09:00:1d'], 'name': 'Test stack'}" type="failure">{
&quot;ansible_facts&quot;: {
&quot;discovered_interpreter_python&quot;: &quot;/usr/bin/python&quot;
},
&quot;changed&quot;: false,
&quot;deprecations&quot;: [
{
&quot;msg&quot;: &quot;Distribution Ubuntu 18.04 on host localhost should use /usr/bin/python3, but is using /usr/bin/python for backward compatibility with prior Ansible releases. A future Ansible release will default to using the discovered platform python for this host. See https://docs.ansible.com/ansible/2.9/reference_appendices/interpreter_discovery.html for more information&quot;,
&quot;version&quot;: &quot;2.12&quot;
}
],
&quot;msg&quot;: {
&quot;name&quot;: &quot;Test stack&quot;,
&quot;serials&quot;: [
&quot;4c:c8:a1:09:00:63&quot;,
&quot;4c:c8:a1:09:00:1d&quot;
]
},
&quot;response&quot;: &quot;OK (unknown bytes)&quot;,
&quot;status&quot;: 200
}</failure>
		</testcase>
	</testsuite>
</testsuites>
