<?xml version="1.0" ?>
<testsuites disabled="0" errors="0" failures="1" tests="4" time="13.059488534927368">
	<testsuite disabled="0" errors="0" failures="1" name="meraki_switch_access_list-m5xxbvh0" skipped="1" tests="4" time="13.059488534927368">
		<testcase classname="/root/ansible/ansible_collections/cisco/meraki/tests/output/.tmp/integration/meraki_switch_access_list-7tf4pl_x-ÅÑŚÌβŁÈ/tests/integration/targets/meraki_switch_access_list/tasks/tests.yml:7" name="[localhost] meraki: meraki_switch_access_list : Test an API key is provided msg=Please define an API key" time="0.365900">
			<skipped message="Conditional result was False" type="skipped"/>
		</testcase>
		<testcase classname="/root/ansible/ansible_collections/cisco/meraki/tests/output/.tmp/integration/meraki_switch_access_list-7tf4pl_x-ÅÑŚÌβŁÈ/tests/integration/targets/meraki_switch_access_list/tasks/tests.yml:12" name="[localhost] meraki: meraki_switch_access_list : Create test network auth_key={{auth_key}}, state=present, org_name={{test_org_name}}, net_name={{test_net_name}}, type=switch" time="3.969301">
			<system-out>{
&quot;ansible_facts&quot;: {
&quot;discovered_interpreter_python&quot;: &quot;/usr/bin/python&quot;
},
&quot;changed&quot;: true,
&quot;data&quot;: {
&quot;disable_my_meraki_com&quot;: false,
&quot;disable_remote_status_page&quot;: true,
&quot;enrollment_string&quot;: null,
&quot;id&quot;: &quot;N_624874448297682485&quot;,
&quot;name&quot;: &quot;Home - Appliance&quot;,
&quot;organization_id&quot;: &quot;133277&quot;,
&quot;product_types&quot;: [
&quot;switch&quot;
],
&quot;tags&quot;: &quot;&quot;,
&quot;time_zone&quot;: &quot;America/Los_Angeles&quot;,
&quot;type&quot;: &quot;switch&quot;
},
&quot;deprecations&quot;: [
{
&quot;msg&quot;: &quot;Distribution Ubuntu 18.04 on host localhost should use /usr/bin/python3, but is using /usr/bin/python for backward compatibility with prior Ansible releases. A future Ansible release will default to using the discovered platform python for this host. See https://docs.ansible.com/ansible/2.9/reference_appendices/interpreter_discovery.html for more information&quot;,
&quot;version&quot;: &quot;2.12&quot;
}
],
&quot;response&quot;: &quot;OK (unknown bytes)&quot;,
&quot;status&quot;: 201
}</system-out>
		</testcase>
		<testcase classname="/root/ansible/ansible_collections/cisco/meraki/tests/output/.tmp/integration/meraki_switch_access_list-7tf4pl_x-ÅÑŚÌβŁÈ/tests/integration/targets/meraki_switch_access_list/tasks/tests.yml:20" name="[localhost] meraki: meraki_switch_access_list : Set access list in check mode auth_key={{auth_key}}, state=present, org_name={{test_org_name}}, net_name={{test_net_name}}, rules=[{'comment': 'Fake rule', 'policy': 'allow', 'ip_version': 'ipv4', 'protocol': 'udp', 'src_cidr': '192.0.1.0/24', 'src_port': '4242', 'dst_cidr': '1.2.3.4/32', 'dst_port': '80', 'vlan': '100'}]" time="4.629791">
			<failure message="HTTP error 400 - https://api.meraki.com/api/v0/networks/N_624874448297682485/switch/accessControlLists - ['Cannot update default ACL rule.']" type="failure">{
&quot;body&quot;: {
&quot;errors&quot;: [
&quot;Cannot update default ACL rule.&quot;
]
},
&quot;changed&quot;: true,
&quot;data&quot;: {
&quot;rules&quot;: null
},
&quot;msg&quot;: &quot;HTTP error 400 - https://api.meraki.com/api/v0/networks/N_624874448297682485/switch/accessControlLists - ['Cannot update default ACL rule.']&quot;,
&quot;response&quot;: &quot;HTTP Error 400: Bad Request&quot;,
&quot;status&quot;: 400
}</failure>
		</testcase>
		<testcase classname="/root/ansible/ansible_collections/cisco/meraki/tests/output/.tmp/integration/meraki_switch_access_list-7tf4pl_x-ÅÑŚÌβŁÈ/tests/integration/targets/meraki_switch_access_list/tasks/tests.yml:118" name="[localhost] meraki: meraki_switch_access_list : Delete test network auth_key={{auth_key}}, state=absent, org_name={{test_org_name}}, net_name={{test_net_name}}" time="4.094497">
			<system-out>{
&quot;changed&quot;: true,
&quot;response&quot;: &quot;OK (unknown bytes)&quot;,
&quot;status&quot;: 204
}</system-out>
		</testcase>
	</testsuite>
</testsuites>
