<?xml version="1.0" ?>
<testsuites disabled="0" errors="0" failures="0" tests="6" time="15.440859317779541">
	<testsuite disabled="0" errors="0" failures="0" name="meraki_switch_access_list-1glf3j6i" skipped="1" tests="6" time="15.440859317779541">
		<testcase classname="/root/ansible/ansible_collections/cisco/meraki/tests/output/.tmp/integration/meraki_switch_access_list-c7xx3ody-ÅÑŚÌβŁÈ/tests/integration/targets/meraki_switch_access_list/tasks/tests.yml:7" name="[localhost] meraki: meraki_switch_access_list : Test an API key is provided msg=Please define an API key" time="0.366864">
			<skipped message="Conditional result was False" type="skipped"/>
		</testcase>
		<testcase classname="/root/ansible/ansible_collections/cisco/meraki/tests/output/.tmp/integration/meraki_switch_access_list-c7xx3ody-ÅÑŚÌβŁÈ/tests/integration/targets/meraki_switch_access_list/tasks/tests.yml:12" name="[localhost] meraki: meraki_switch_access_list : Create test network auth_key={{auth_key}}, state=present, org_name={{test_org_name}}, net_name={{test_net_name}}, type=switch" time="4.494101">
			<system-out>{
&quot;ansible_facts&quot;: {
&quot;discovered_interpreter_python&quot;: &quot;/usr/bin/python&quot;
},
&quot;changed&quot;: true,
&quot;data&quot;: {
&quot;disable_my_meraki_com&quot;: false,
&quot;disable_remote_status_page&quot;: true,
&quot;enrollment_string&quot;: null,
&quot;id&quot;: &quot;N_624874448297682464&quot;,
&quot;name&quot;: &quot;Home - Appliance&quot;,
&quot;organization_id&quot;: &quot;133277&quot;,
&quot;product_types&quot;: [
&quot;switch&quot;
],
&quot;tags&quot;: &quot;&quot;,
&quot;time_zone&quot;: &quot;America/Los_Angeles&quot;,
&quot;type&quot;: &quot;switch&quot;
},
&quot;deprecations&quot;: [
{
&quot;msg&quot;: &quot;Distribution Ubuntu 18.04 on host localhost should use /usr/bin/python3, but is using /usr/bin/python for backward compatibility with prior Ansible releases. A future Ansible release will default to using the discovered platform python for this host. See https://docs.ansible.com/ansible/2.9/reference_appendices/interpreter_discovery.html for more information&quot;,
&quot;version&quot;: &quot;2.12&quot;
}
],
&quot;response&quot;: &quot;OK (unknown bytes)&quot;,
&quot;status&quot;: 201
}</system-out>
		</testcase>
		<testcase classname="/root/ansible/ansible_collections/cisco/meraki/tests/output/.tmp/integration/meraki_switch_access_list-c7xx3ody-ÅÑŚÌβŁÈ/tests/integration/targets/meraki_switch_access_list/tasks/tests.yml:20" name="[localhost] meraki: meraki_switch_access_list : Query access lists auth_key={{auth_key}}, state=query, org_name={{test_org_name}}, net_name={{test_net_name}}" time="5.117839">
			<system-out>{
&quot;changed&quot;: false,
&quot;data&quot;: {
&quot;rules&quot;: [
{
&quot;comment&quot;: &quot;Default rule&quot;,
&quot;dst_cidr&quot;: &quot;any&quot;,
&quot;dst_port&quot;: &quot;any&quot;,
&quot;ip_version&quot;: &quot;any&quot;,
&quot;policy&quot;: &quot;allow&quot;,
&quot;protocol&quot;: &quot;any&quot;,
&quot;src_cidr&quot;: &quot;any&quot;,
&quot;src_port&quot;: &quot;any&quot;,
&quot;vlan&quot;: &quot;any&quot;
}
]
},
&quot;response&quot;: &quot;OK (unknown bytes)&quot;,
&quot;status&quot;: 200
}</system-out>
		</testcase>
		<testcase classname="/root/ansible/ansible_collections/cisco/meraki/tests/output/.tmp/integration/meraki_switch_access_list-c7xx3ody-ÅÑŚÌβŁÈ/tests/integration/targets/meraki_switch_access_list/tasks/tests.yml:28" name="[localhost] meraki: meraki_switch_access_list : debug var=query" time="0.369369">
			<system-out>{
    &quot;changed&quot;: false,
    &quot;query&quot;: {
        &quot;changed&quot;: false,
        &quot;data&quot;: {
            &quot;rules&quot;: [
                {
                    &quot;comment&quot;: &quot;Default rule&quot;,
                    &quot;dst_cidr&quot;: &quot;any&quot;,
                    &quot;dst_port&quot;: &quot;any&quot;,
                    &quot;ip_version&quot;: &quot;any&quot;,
                    &quot;policy&quot;: &quot;allow&quot;,
                    &quot;protocol&quot;: &quot;any&quot;,
                    &quot;src_cidr&quot;: &quot;any&quot;,
                    &quot;src_port&quot;: &quot;any&quot;,
                    &quot;vlan&quot;: &quot;any&quot;
                }
            ]
        },
        &quot;failed&quot;: false,
        &quot;response&quot;: &quot;OK (unknown bytes)&quot;,
        &quot;status&quot;: 200
    }
}</system-out>
		</testcase>
		<testcase classname="/root/ansible/ansible_collections/cisco/meraki/tests/output/.tmp/integration/meraki_switch_access_list-c7xx3ody-ÅÑŚÌβŁÈ/tests/integration/targets/meraki_switch_access_list/tasks/tests.yml:31" name="[localhost] meraki: meraki_switch_access_list : assert that=['query.data is defined']" time="0.442631">
			<system-out>{
    &quot;changed&quot;: false,
    &quot;msg&quot;: &quot;All assertions passed&quot;
}</system-out>
		</testcase>
		<testcase classname="/root/ansible/ansible_collections/cisco/meraki/tests/output/.tmp/integration/meraki_switch_access_list-c7xx3ody-ÅÑŚÌβŁÈ/tests/integration/targets/meraki_switch_access_list/tasks/tests.yml:39" name="[localhost] meraki: meraki_switch_access_list : Delete test network auth_key={{auth_key}}, state=absent, org_name={{test_org_name}}, net_name={{test_net_name}}" time="4.650055">
			<system-out>{
&quot;changed&quot;: true,
&quot;response&quot;: &quot;OK (unknown bytes)&quot;,
&quot;status&quot;: 204
}</system-out>
		</testcase>
	</testsuite>
</testsuites>
