<?xml version="1.0" ?>
<testsuites disabled="0" errors="0" failures="1" tests="4" time="6.27648138999939">
	<testsuite disabled="0" errors="0" failures="1" name="meraki_switch_stack-faipuy54" skipped="0" tests="4" time="6.27648138999939">
		<testcase classname="/root/ansible/ansible_collections/cisco/meraki/tests/output/.tmp/integration/meraki_switch_stack-j3r3llfr-ÅÑŚÌβŁÈ/tests/integration/targets/meraki_switch_stack/tasks/main.yml:50" name="[localhost] meraki: meraki_switch_stack : Add switch to stack idempotent auth_key={{ auth_key }}, state=present, org_name={{test_org_name}}, net_name={{test_switch_net_name}}, stack_id=624874448297657114, serials=['QBSB-D75G-PXCG']" time="4.504328">
			<system-out>{
&quot;ansible_facts&quot;: {
&quot;discovered_interpreter_python&quot;: &quot;/usr/bin/python&quot;
},
&quot;changed&quot;: false,
&quot;data&quot;: {
&quot;id&quot;: &quot;624874448297657114&quot;,
&quot;name&quot;: &quot;Test stack&quot;,
&quot;serial&quot;: &quot;QBSB-D75G-PXCG&quot;,
&quot;serials&quot;: [
&quot;QBSB-D75G-PXCG&quot;,
&quot;QBSB-BPR6-PRER&quot;,
&quot;QBSB-VLNE-E299&quot;
]
},
&quot;deprecations&quot;: [
{
&quot;msg&quot;: &quot;Distribution Ubuntu 18.04 on host localhost should use /usr/bin/python3, but is using /usr/bin/python for backward compatibility with prior Ansible releases. A future Ansible release will default to using the discovered platform python for this host. See https://docs.ansible.com/ansible/2.9/reference_appendices/interpreter_discovery.html for more information&quot;,
&quot;version&quot;: &quot;2.12&quot;
}
],
&quot;response&quot;: &quot;OK (unknown bytes)&quot;,
&quot;status&quot;: 200,
&quot;warnings&quot;: [
&quot;The value 624874448297657114 (type int) in a string field was converted to '624874448297657114' (type string). If this does not look like what you expect, quote the entire value to ensure it does not change.&quot;
]
}</system-out>
		</testcase>
		<testcase classname="/root/ansible/ansible_collections/cisco/meraki/tests/output/.tmp/integration/meraki_switch_stack-j3r3llfr-ÅÑŚÌβŁÈ/tests/integration/targets/meraki_switch_stack/tasks/main.yml:62" name="[localhost] meraki: meraki_switch_stack : debug var=add_stack_idempotent" time="0.591233">
			<system-out>{
    &quot;add_stack_idempotent&quot;: {
        &quot;ansible_facts&quot;: {
            &quot;discovered_interpreter_python&quot;: &quot;/usr/bin/python&quot;
        },
        &quot;changed&quot;: false,
        &quot;data&quot;: {
            &quot;id&quot;: &quot;624874448297657114&quot;,
            &quot;name&quot;: &quot;Test stack&quot;,
            &quot;serial&quot;: &quot;QBSB-D75G-PXCG&quot;,
            &quot;serials&quot;: [
                &quot;QBSB-D75G-PXCG&quot;,
                &quot;QBSB-BPR6-PRER&quot;,
                &quot;QBSB-VLNE-E299&quot;
            ]
        },
        &quot;deprecations&quot;: [
            {
                &quot;msg&quot;: &quot;Distribution Ubuntu 18.04 on host localhost should use /usr/bin/python3, but is using /usr/bin/python for backward compatibility with prior Ansible releases. A future Ansible release will default to using the discovered platform python for this host. See https://docs.ansible.com/ansible/2.9/reference_appendices/interpreter_discovery.html for more information&quot;,
                &quot;version&quot;: &quot;2.12&quot;
            }
        ],
        &quot;failed&quot;: false,
        &quot;response&quot;: &quot;OK (unknown bytes)&quot;,
        &quot;status&quot;: 200,
        &quot;warnings&quot;: [
            &quot;The value 624874448297657114 (type int) in a string field was converted to '624874448297657114' (type string). If this does not look like what you expect, quote the entire value to ensure it does not change.&quot;
        ]
    },
    &quot;changed&quot;: false
}</system-out>
		</testcase>
		<testcase classname="/root/ansible/ansible_collections/cisco/meraki/tests/output/.tmp/integration/meraki_switch_stack-j3r3llfr-ÅÑŚÌβŁÈ/tests/integration/targets/meraki_switch_stack/tasks/main.yml:65" name="[localhost] meraki: meraki_switch_stack : assert that=['add_stack_idempotent.data is defined', 'add_stack_idempotent.data.serials | length == 3', 'add_stack_idempotent is not changed']" time="0.589704">
			<system-out>{
    &quot;changed&quot;: false,
    &quot;msg&quot;: &quot;All assertions passed&quot;
}</system-out>
		</testcase>
		<testcase classname="/root/ansible/ansible_collections/cisco/meraki/tests/output/.tmp/integration/meraki_switch_stack-j3r3llfr-ÅÑŚÌβŁÈ/tests/integration/targets/meraki_switch_stack/tasks/main.yml:71" name="[localhost] meraki: meraki_switch_stack : Remove switch from stack auth_key={{ auth_key }}, state=absent, org_name={{test_org_name}}, net_name={{test_switch_net_name}}, stack_id={{stack_id}}, serials=['QBSB-D75G-PXCG']" time="0.591217">
			<failure message="The task includes an option with an undefined variable. The error was: 'stack_id' is undefined

The error appears to be in '/root/ansible/ansible_collections/cisco/meraki/tests/output/.tmp/integration/meraki_switch_stack-j3r3llfr-ÅÑŚÌβŁÈ/tests/integration/targets/meraki_switch_stack/tasks/main.yml': line 71, column 5, but may
be elsewhere in the file depending on the exact syntax problem.

The offending line appears to be:


  - name: Remove switch from stack
    ^ here
" type="failure">{
&quot;msg&quot;: &quot;The task includes an option with an undefined variable. The error was: 'stack_id' is undefined\n\nThe error appears to be in '/root/ansible/ansible_collections/cisco/meraki/tests/output/.tmp/integration/meraki_switch_stack-j3r3llfr-ÅÑŚÌβŁÈ/tests/integration/targets/meraki_switch_stack/tasks/main.yml': line 71, column 5, but may\nbe elsewhere in the file depending on the exact syntax problem.\n\nThe offending line appears to be:\n\n\n  - name: Remove switch from stack\n    ^ here\n&quot;
}</failure>
		</testcase>
	</testsuite>
</testsuites>
