<?xml version="1.0" ?>
<testsuites disabled="0" errors="0" failures="1" tests="11" time="23.639979600906372">
	<testsuite disabled="0" errors="0" failures="1" name="meraki_static_route-5mwhu3c6" skipped="0" tests="11" time="23.639979600906372">
		<testcase classname="/root/ansible/ansible_collections/cisco/meraki/tests/output/.tmp/integration/meraki_static_route-y1vowndr-ÅÑŚÌβŁÈ/tests/integration/targets/meraki_static_route/tasks/main.yml:7" name="[localhost] meraki: meraki_static_route : Create appliance network auth_key={{ auth_key }}, state=present, org_name={{test_org_name}}, net_name=IntTestNetwork, timezone=America/Chicago, type=appliance" time="4.416588">
			<system-out>{
&quot;ansible_facts&quot;: {
&quot;discovered_interpreter_python&quot;: &quot;/usr/bin/python&quot;
},
&quot;changed&quot;: true,
&quot;data&quot;: {
&quot;disable_my_meraki_com&quot;: false,
&quot;disable_remote_status_page&quot;: true,
&quot;enrollment_string&quot;: null,
&quot;id&quot;: &quot;N_624874448297683280&quot;,
&quot;name&quot;: &quot;IntTestNetwork&quot;,
&quot;organization_id&quot;: &quot;133277&quot;,
&quot;product_types&quot;: [
&quot;appliance&quot;
],
&quot;tags&quot;: &quot;&quot;,
&quot;time_zone&quot;: &quot;America/Chicago&quot;,
&quot;type&quot;: &quot;appliance&quot;
},
&quot;deprecations&quot;: [
{
&quot;msg&quot;: &quot;Distribution Ubuntu 18.04 on host localhost should use /usr/bin/python3, but is using /usr/bin/python for backward compatibility with prior Ansible releases. A future Ansible release will default to using the discovered platform python for this host. See https://docs.ansible.com/ansible/2.9/reference_appendices/interpreter_discovery.html for more information&quot;,
&quot;version&quot;: &quot;2.12&quot;
}
],
&quot;response&quot;: &quot;OK (unknown bytes)&quot;,
&quot;status&quot;: 201
}</system-out>
		</testcase>
		<testcase classname="/root/ansible/ansible_collections/cisco/meraki/tests/output/.tmp/integration/meraki_static_route-y1vowndr-ÅÑŚÌβŁÈ/tests/integration/targets/meraki_static_route/tasks/main.yml:18" name="[localhost] meraki: meraki_static_route : set_fact net_id={{net.data.id}}" time="0.369216">
			<system-out>{
&quot;ansible_facts&quot;: {
&quot;net_id&quot;: &quot;N_624874448297683280&quot;
},
&quot;changed&quot;: false
}</system-out>
		</testcase>
		<testcase classname="/root/ansible/ansible_collections/cisco/meraki/tests/output/.tmp/integration/meraki_static_route-y1vowndr-ÅÑŚÌβŁÈ/tests/integration/targets/meraki_static_route/tasks/main.yml:21" name="[localhost] meraki: meraki_static_route : Initialize static route id list route_ids=[]" time="0.013950">
			<system-out>{
&quot;ansible_facts&quot;: {
&quot;route_ids&quot;: []
},
&quot;changed&quot;: false
}</system-out>
		</testcase>
		<testcase classname="/root/ansible/ansible_collections/cisco/meraki/tests/output/.tmp/integration/meraki_static_route-y1vowndr-ÅÑŚÌβŁÈ/tests/integration/targets/meraki_static_route/tasks/main.yml:25" name="[localhost] meraki: meraki_static_route : Create static_route auth_key={{auth_key}}, state=present, org_name={{test_org_name}}, net_name=IntTestNetwork, name=Test Route, subnet=192.0.1.0/24, gateway_ip=192.168.128.1" time="3.589794">
			<system-out>{
&quot;changed&quot;: true,
&quot;data&quot;: {
&quot;enabled&quot;: true,
&quot;fixed_ip_assignments&quot;: {},
&quot;gateway_ip&quot;: &quot;192.168.128.1&quot;,
&quot;id&quot;: &quot;3625a0bf-9b0c-45f9-a77c-a02f8476fdf7&quot;,
&quot;name&quot;: &quot;Test Route&quot;,
&quot;network_id&quot;: &quot;N_624874448297683280&quot;,
&quot;reserved_ip_ranges&quot;: [],
&quot;subnet&quot;: &quot;192.0.1.0/24&quot;
},
&quot;response&quot;: &quot;OK (unknown bytes)&quot;,
&quot;status&quot;: 201
}</system-out>
		</testcase>
		<testcase classname="/root/ansible/ansible_collections/cisco/meraki/tests/output/.tmp/integration/meraki_static_route-y1vowndr-ÅÑŚÌβŁÈ/tests/integration/targets/meraki_static_route/tasks/main.yml:37" name="[localhost] meraki: meraki_static_route : set_fact route_ids={{ route_ids + [create_route.data.id] }}" time="0.366098">
			<system-out>{
&quot;ansible_facts&quot;: {
&quot;route_ids&quot;: [
&quot;3625a0bf-9b0c-45f9-a77c-a02f8476fdf7&quot;
]
},
&quot;changed&quot;: false
}</system-out>
		</testcase>
		<testcase classname="/root/ansible/ansible_collections/cisco/meraki/tests/output/.tmp/integration/meraki_static_route-y1vowndr-ÅÑŚÌβŁÈ/tests/integration/targets/meraki_static_route/tasks/main.yml:40" name="[localhost] meraki: meraki_static_route : Create second static_route auth_key={{auth_key}}, state=present, org_name={{test_org_name}}, net_name=IntTestNetwork, name=Test Route 2, subnet=192.0.2.0/24, gateway_ip=192.168.128.1" time="3.406093">
			<system-out>{
&quot;changed&quot;: true,
&quot;data&quot;: {
&quot;enabled&quot;: true,
&quot;fixed_ip_assignments&quot;: {},
&quot;gateway_ip&quot;: &quot;192.168.128.1&quot;,
&quot;id&quot;: &quot;1616f3e4-8af5-4f1c-91f8-fb4a7bcf6f03&quot;,
&quot;name&quot;: &quot;Test Route 2&quot;,
&quot;network_id&quot;: &quot;N_624874448297683280&quot;,
&quot;reserved_ip_ranges&quot;: [],
&quot;subnet&quot;: &quot;192.0.2.0/24&quot;
},
&quot;response&quot;: &quot;OK (unknown bytes)&quot;,
&quot;status&quot;: 201
}</system-out>
		</testcase>
		<testcase classname="/root/ansible/ansible_collections/cisco/meraki/tests/output/.tmp/integration/meraki_static_route-y1vowndr-ÅÑŚÌβŁÈ/tests/integration/targets/meraki_static_route/tasks/main.yml:52" name="[localhost] meraki: meraki_static_route : set_fact route_ids={{ route_ids + [second_create.data.id] }}" time="0.370112">
			<system-out>{
&quot;ansible_facts&quot;: {
&quot;route_ids&quot;: [
&quot;3625a0bf-9b0c-45f9-a77c-a02f8476fdf7&quot;,
&quot;1616f3e4-8af5-4f1c-91f8-fb4a7bcf6f03&quot;
]
},
&quot;changed&quot;: false
}</system-out>
		</testcase>
		<testcase classname="/root/ansible/ansible_collections/cisco/meraki/tests/output/.tmp/integration/meraki_static_route-y1vowndr-ÅÑŚÌβŁÈ/tests/integration/targets/meraki_static_route/tasks/main.yml:55" name="[localhost] meraki: meraki_static_route : assert that=['create_route.changed == True', 'create_route.data.id is defined']" time="0.361505">
			<system-out>{
    &quot;changed&quot;: false,
    &quot;msg&quot;: &quot;All assertions passed&quot;
}</system-out>
		</testcase>
		<testcase classname="/root/ansible/ansible_collections/cisco/meraki/tests/output/.tmp/integration/meraki_static_route-y1vowndr-ÅÑŚÌβŁÈ/tests/integration/targets/meraki_static_route/tasks/main.yml:60" name="[localhost] meraki: meraki_static_route : Update static route auth_key={{auth_key}}, state=present, org_name={{test_org_name}}, net_name=IntTestNetwork, route_id={{create_route.data.id}}, subnet=192.0.3.0/24, enabled=True" time="4.859412">
			<system-out>{
&quot;changed&quot;: false,
&quot;data&quot;: {
&quot;enabled&quot;: true,
&quot;fixed_ip_assignments&quot;: {},
&quot;gateway_ip&quot;: &quot;192.168.128.1&quot;,
&quot;id&quot;: &quot;3625a0bf-9b0c-45f9-a77c-a02f8476fdf7&quot;,
&quot;name&quot;: &quot;Test Route&quot;,
&quot;network_id&quot;: &quot;N_624874448297683280&quot;,
&quot;reserved_ip_ranges&quot;: [],
&quot;subnet&quot;: &quot;192.0.1.0/24&quot;
},
&quot;response&quot;: &quot;OK (unknown bytes)&quot;,
&quot;status&quot;: 200
}</system-out>
		</testcase>
		<testcase classname="/root/ansible/ansible_collections/cisco/meraki/tests/output/.tmp/integration/meraki_static_route-y1vowndr-ÅÑŚÌβŁÈ/tests/integration/targets/meraki_static_route/tasks/main.yml:72" name="[localhost] meraki: meraki_static_route : assert that=['update.data.subnet == &quot;192.0.3.0/24&quot;']" time="0.381184">
			<failure message="Assertion failed" type="failure">{
    &quot;assertion&quot;: &quot;update.data.subnet == \&quot;192.0.3.0/24\&quot;&quot;,
    &quot;changed&quot;: false,
    &quot;evaluated_to&quot;: false,
    &quot;msg&quot;: &quot;Assertion failed&quot;
}</failure>
		</testcase>
		<testcase classname="/root/ansible/ansible_collections/cisco/meraki/tests/output/.tmp/integration/meraki_static_route-y1vowndr-ÅÑŚÌβŁÈ/tests/integration/targets/meraki_static_route/tasks/main.yml:164" name="[localhost] meraki: meraki_static_route : Delete appliance network auth_key={{ auth_key }}, state=absent, org_name={{test_org_name}}, net_name=IntTestNetwork" time="5.506028">
			<system-out>{
&quot;changed&quot;: true,
&quot;response&quot;: &quot;OK (unknown bytes)&quot;,
&quot;status&quot;: 204
}</system-out>
		</testcase>
	</testsuite>
</testsuites>
