<?xml version="1.0" ?>
<testsuites disabled="0" errors="0" failures="0" tests="5" time="10.367923259735107">
	<testsuite disabled="0" errors="0" failures="0" name="meraki_site_to_site_vpn-54c5781g" skipped="0" tests="5" time="10.367923259735107">
		<testcase classname="/root/ansible/ansible_collections/cisco/meraki/tests/output/.tmp/integration/meraki_site_to_site_vpn-7l11_p2q-ÅÑŚÌβŁÈ/tests/integration/targets/meraki_site_to_site_vpn/tasks/main.yml:8" name="[localhost] meraki: meraki_site_to_site_vpn : Create hub network auth_key={{ auth_key }}, state=present, org_name={{test_org_name}}, net_name={{test_net_name}}_hub, type=appliance" time="3.243754">
			<system-out>{
&quot;ansible_facts&quot;: {
&quot;discovered_interpreter_python&quot;: &quot;/usr/bin/python&quot;
},
&quot;changed&quot;: false,
&quot;data&quot;: {
&quot;disable_my_meraki_com&quot;: false,
&quot;disable_remote_status_page&quot;: true,
&quot;id&quot;: &quot;N_624874448297683434&quot;,
&quot;name&quot;: &quot;Home - Appliance_hub&quot;,
&quot;organization_id&quot;: &quot;133277&quot;,
&quot;product_types&quot;: [
&quot;appliance&quot;
],
&quot;tags&quot;: null,
&quot;time_zone&quot;: &quot;America/Los_Angeles&quot;,
&quot;type&quot;: &quot;appliance&quot;,
&quot;url&quot;: &quot;https://n110.meraki.com/Home-Appliance_h/n/1tzBXaUb/manage/usage/list&quot;
},
&quot;deprecations&quot;: [
{
&quot;msg&quot;: &quot;Distribution Ubuntu 18.04 on host localhost should use /usr/bin/python3, but is using /usr/bin/python for backward compatibility with prior Ansible releases. A future Ansible release will default to using the discovered platform python for this host. See https://docs.ansible.com/ansible/2.9/reference_appendices/interpreter_discovery.html for more information&quot;,
&quot;version&quot;: &quot;2.12&quot;
}
],
&quot;response&quot;: &quot;OK (unknown bytes)&quot;,
&quot;status&quot;: 200
}</system-out>
		</testcase>
		<testcase classname="/root/ansible/ansible_collections/cisco/meraki/tests/output/.tmp/integration/meraki_site_to_site_vpn-7l11_p2q-ÅÑŚÌβŁÈ/tests/integration/targets/meraki_site_to_site_vpn/tasks/main.yml:18" name="[localhost] meraki: meraki_site_to_site_vpn : Create spoke network auth_key={{ auth_key }}, state=present, org_name={{test_org_name}}, net_name={{test_net_name}}_spoke, type=appliance" time="2.789701">
			<system-out>{
&quot;changed&quot;: false,
&quot;data&quot;: {
&quot;disable_my_meraki_com&quot;: false,
&quot;disable_remote_status_page&quot;: true,
&quot;id&quot;: &quot;N_624874448297683435&quot;,
&quot;name&quot;: &quot;Home - Appliance_spoke&quot;,
&quot;organization_id&quot;: &quot;133277&quot;,
&quot;product_types&quot;: [
&quot;appliance&quot;
],
&quot;tags&quot;: null,
&quot;time_zone&quot;: &quot;America/Los_Angeles&quot;,
&quot;type&quot;: &quot;appliance&quot;,
&quot;url&quot;: &quot;https://n110.meraki.com/Home-Appliance_s/n/O3kNEaUb/manage/usage/list&quot;
},
&quot;response&quot;: &quot;OK (unknown bytes)&quot;,
&quot;status&quot;: 200
}</system-out>
		</testcase>
		<testcase classname="/root/ansible/ansible_collections/cisco/meraki/tests/output/.tmp/integration/meraki_site_to_site_vpn-7l11_p2q-ÅÑŚÌβŁÈ/tests/integration/targets/meraki_site_to_site_vpn/tasks/main.yml:28" name="[localhost] meraki: meraki_site_to_site_vpn : debug var=net_hub" time="0.357334">
			<system-out>{
    &quot;changed&quot;: false,
    &quot;net_hub&quot;: {
        &quot;ansible_facts&quot;: {
            &quot;discovered_interpreter_python&quot;: &quot;/usr/bin/python&quot;
        },
        &quot;changed&quot;: false,
        &quot;data&quot;: {
            &quot;disable_my_meraki_com&quot;: false,
            &quot;disable_remote_status_page&quot;: true,
            &quot;id&quot;: &quot;N_624874448297683434&quot;,
            &quot;name&quot;: &quot;Home - Appliance_hub&quot;,
            &quot;organization_id&quot;: &quot;133277&quot;,
            &quot;product_types&quot;: [
                &quot;appliance&quot;
            ],
            &quot;tags&quot;: null,
            &quot;time_zone&quot;: &quot;America/Los_Angeles&quot;,
            &quot;type&quot;: &quot;appliance&quot;,
            &quot;url&quot;: &quot;https://n110.meraki.com/Home-Appliance_h/n/1tzBXaUb/manage/usage/list&quot;
        },
        &quot;deprecations&quot;: [
            {
                &quot;msg&quot;: &quot;Distribution Ubuntu 18.04 on host localhost should use /usr/bin/python3, but is using /usr/bin/python for backward compatibility with prior Ansible releases. A future Ansible release will default to using the discovered platform python for this host. See https://docs.ansible.com/ansible/2.9/reference_appendices/interpreter_discovery.html for more information&quot;,
                &quot;version&quot;: &quot;2.12&quot;
            }
        ],
        &quot;failed&quot;: false,
        &quot;response&quot;: &quot;OK (unknown bytes)&quot;,
        &quot;status&quot;: 200
    }
}</system-out>
		</testcase>
		<testcase classname="/root/ansible/ansible_collections/cisco/meraki/tests/output/.tmp/integration/meraki_site_to_site_vpn-7l11_p2q-ÅÑŚÌβŁÈ/tests/integration/targets/meraki_site_to_site_vpn/tasks/main.yml:31" name="[localhost] meraki: meraki_site_to_site_vpn : set_fact net_spoke_id={{net_spoke.data.id}}, net_hub_id={{net_hub.data.id}}" time="0.359802">
			<system-out>{
&quot;ansible_facts&quot;: {
&quot;net_hub_id&quot;: &quot;N_624874448297683434&quot;,
&quot;net_spoke_id&quot;: &quot;N_624874448297683435&quot;
},
&quot;changed&quot;: false
}</system-out>
		</testcase>
		<testcase classname="/root/ansible/ansible_collections/cisco/meraki/tests/output/.tmp/integration/meraki_site_to_site_vpn-7l11_p2q-ÅÑŚÌβŁÈ/tests/integration/targets/meraki_site_to_site_vpn/tasks/main.yml:64" name="[localhost] meraki: meraki_site_to_site_vpn : Query all rules auth_key={{auth_key}}, state=query, org_name={{test_org_name}}, net_name={{test_net_name}}" time="3.617332">
			<system-out>{
&quot;changed&quot;: false,
&quot;data&quot;: {
&quot;hubs&quot;: [],
&quot;mode&quot;: &quot;hub&quot;,
&quot;subnets&quot;: [
{
&quot;local_subnet&quot;: &quot;192.168.128.0/24&quot;,
&quot;use_vpn&quot;: false
}
]
},
&quot;response&quot;: &quot;OK (unknown bytes)&quot;,
&quot;status&quot;: 200
}</system-out>
		</testcase>
	</testsuite>
</testsuites>
