<?xml version="1.0" ?>
<testsuites disabled="0" errors="2" failures="0" tests="3" time="1.1051669120788574">
	<testsuite disabled="0" errors="2" failures="0" name="meraki_content_filtering-pwj4evip" skipped="1" tests="3" time="1.1051669120788574">
		<testcase classname="/root/ansible/ansible_collections/cisco/meraki/tests/output/.tmp/integration/meraki_content_filtering-77pmswbi-ÅÑŚÌβŁÈ/tests/integration/targets/meraki_content_filtering/tasks/main.yml:7" name="[localhost] meraki: meraki_content_filtering : Test an API key is provided msg=Please define an API key" time="0.370266">
			<skipped message="Conditional result was False" type="skipped"/>
		</testcase>
		<testcase classname="/root/ansible/ansible_collections/cisco/meraki/tests/output/.tmp/integration/meraki_content_filtering-77pmswbi-ÅÑŚÌβŁÈ/tests/integration/targets/meraki_content_filtering/tasks/main.yml:12" name="[localhost] meraki: meraki_content_filtering : Create network auth_key={{ auth_key }}, state=present, org_name={{test_org_name}}, net_name={{test_net_name}}, type=appliance, timezone=America/Chicago" time="0.368369">
			<error message="SyntaxError: invalid syntax" type="error">Traceback (most recent call last):
  File &quot;/root/ansible/lib/ansible/executor/task_executor.py&quot;, line 146, in run
    res = self._execute()
  File &quot;/root/ansible/lib/ansible/executor/task_executor.py&quot;, line 645, in _execute
    result = self._handler.run(task_vars=variables)
  File &quot;/root/ansible/lib/ansible/plugins/action/normal.py&quot;, line 46, in run
    result = merge_hash(result, self._execute_module(task_vars=task_vars, wrap_async=wrap_async))
  File &quot;/root/ansible/lib/ansible/plugins/action/__init__.py&quot;, line 803, in _execute_module
    (module_style, shebang, module_data, module_path) = self._configure_module(module_name=module_name, module_args=module_args, task_vars=task_vars)
  File &quot;/root/ansible/lib/ansible/plugins/action/__init__.py&quot;, line 197, in _configure_module
    **become_kwargs)
  File &quot;/root/ansible/lib/ansible/executor/module_common.py&quot;, line 1258, in modify_module
    environment=environment)
  File &quot;/root/ansible/lib/ansible/executor/module_common.py&quot;, line 1095, in _find_module_utils
    py_module_cache, zf)
  File &quot;/root/ansible/lib/ansible/executor/module_common.py&quot;, line 731, in recursive_finder
    [os.path.join(*py_module_name[:-idx])])
  File &quot;/root/ansible/lib/ansible/executor/module_common.py&quot;, line 650, in __init__
    self.get_source()
  File &quot;/root/ansible/lib/ansible/executor/module_common.py&quot;, line 665, in get_source
    pkg = import_module(self._package_name)
  File &quot;/usr/lib/python3.7/importlib/__init__.py&quot;, line 127, in import_module
    return _bootstrap._gcd_import(name[level:], package, level)
  File &quot;&lt;frozen importlib._bootstrap&gt;&quot;, line 1006, in _gcd_import
  File &quot;&lt;frozen importlib._bootstrap&gt;&quot;, line 983, in _find_and_load
  File &quot;&lt;frozen importlib._bootstrap&gt;&quot;, line 967, in _find_and_load_unlocked
  File &quot;&lt;frozen importlib._bootstrap&gt;&quot;, line 668, in _load_unlocked
  File &quot;&lt;frozen importlib._bootstrap&gt;&quot;, line 638, in _load_backward_compatible
  File &quot;/root/ansible/lib/ansible/utils/collection_loader.py&quot;, line 112, in load_module
    mod = self._find_module(fullname, None, load=True)[1]
  File &quot;/root/ansible/lib/ansible/utils/collection_loader.py&quot;, line 226, in _find_module
    code_object = compile(source=source, filename=source_path, mode='exec', flags=0, dont_inherit=True)
  File &quot;/root/ansible/ansible_collections/cisco/meraki/plugins/module_utils/network/meraki/meraki.py&quot;, line 251
    except AttributeError:  # Needed for mismatched types
         ^
SyntaxError: invalid syntax
</error>
		</testcase>
		<testcase classname="/root/ansible/ansible_collections/cisco/meraki/tests/output/.tmp/integration/meraki_content_filtering-77pmswbi-ÅÑŚÌβŁÈ/tests/integration/targets/meraki_content_filtering/tasks/main.yml:241" name="[localhost] meraki: meraki_content_filtering : Reset policies auth_key={{auth_key}}, org_name={{test_org_name}}, net_name={{test_net_name}}, state=present, category_list_size=full list, allowed_urls=[None], blocked_urls=[None]" time="0.366531">
			<error message="SyntaxError: invalid syntax" type="error">Traceback (most recent call last):
  File &quot;/root/ansible/lib/ansible/executor/task_executor.py&quot;, line 146, in run
    res = self._execute()
  File &quot;/root/ansible/lib/ansible/executor/task_executor.py&quot;, line 645, in _execute
    result = self._handler.run(task_vars=variables)
  File &quot;/root/ansible/lib/ansible/plugins/action/normal.py&quot;, line 46, in run
    result = merge_hash(result, self._execute_module(task_vars=task_vars, wrap_async=wrap_async))
  File &quot;/root/ansible/lib/ansible/plugins/action/__init__.py&quot;, line 803, in _execute_module
    (module_style, shebang, module_data, module_path) = self._configure_module(module_name=module_name, module_args=module_args, task_vars=task_vars)
  File &quot;/root/ansible/lib/ansible/plugins/action/__init__.py&quot;, line 197, in _configure_module
    **become_kwargs)
  File &quot;/root/ansible/lib/ansible/executor/module_common.py&quot;, line 1258, in modify_module
    environment=environment)
  File &quot;/root/ansible/lib/ansible/executor/module_common.py&quot;, line 1095, in _find_module_utils
    py_module_cache, zf)
  File &quot;/root/ansible/lib/ansible/executor/module_common.py&quot;, line 731, in recursive_finder
    [os.path.join(*py_module_name[:-idx])])
  File &quot;/root/ansible/lib/ansible/executor/module_common.py&quot;, line 650, in __init__
    self.get_source()
  File &quot;/root/ansible/lib/ansible/executor/module_common.py&quot;, line 665, in get_source
    pkg = import_module(self._package_name)
  File &quot;/usr/lib/python3.7/importlib/__init__.py&quot;, line 127, in import_module
    return _bootstrap._gcd_import(name[level:], package, level)
  File &quot;&lt;frozen importlib._bootstrap&gt;&quot;, line 1006, in _gcd_import
  File &quot;&lt;frozen importlib._bootstrap&gt;&quot;, line 983, in _find_and_load
  File &quot;&lt;frozen importlib._bootstrap&gt;&quot;, line 967, in _find_and_load_unlocked
  File &quot;&lt;frozen importlib._bootstrap&gt;&quot;, line 668, in _load_unlocked
  File &quot;&lt;frozen importlib._bootstrap&gt;&quot;, line 638, in _load_backward_compatible
  File &quot;/root/ansible/lib/ansible/utils/collection_loader.py&quot;, line 112, in load_module
    mod = self._find_module(fullname, None, load=True)[1]
  File &quot;/root/ansible/lib/ansible/utils/collection_loader.py&quot;, line 226, in _find_module
    code_object = compile(source=source, filename=source_path, mode='exec', flags=0, dont_inherit=True)
  File &quot;/root/ansible/ansible_collections/cisco/meraki/plugins/module_utils/network/meraki/meraki.py&quot;, line 251
    except AttributeError:  # Needed for mismatched types
         ^
SyntaxError: invalid syntax
</error>
		</testcase>
	</testsuite>
</testsuites>
